1.050000000000000000e+01 5.000000000000000000e-01 2.877118281850166295e-05 2.877118281850177815e-05 -5.300615942990517083e-06 -9.876883405951369282e-07 -5.300615942990513695e-06 -1.376304929597490525e-06 -1.453235239934655061e-06 -1.376304929597485443e-06
1.050000000000000000e+01 1.500000000000000000e+00 2.588749782571399621e-05 2.746223904679894923e-05 -5.086967205317596805e-06 -1.927035772986893854e-06 -4.995403460600629278e-06 -1.376304929597489042e-06 -2.835344084584266831e-06 -1.241582613808179367e-06
1.050000000000000000e+01 2.500000000000000000e+00 2.040240301904753945e-05 2.634878496931255859e-05 -4.680583156993462089e-06 -2.726092425674350441e-06 -4.414854820137588516e-06 -1.376304929597484596e-06 -4.011036090515956204e-06 -9.853255411645936630e-07
1.050000000000000000e+01 3.500000000000000000e+00 1.285281769508148745e-05 2.553981322903772712e-05 -4.121243500112238920e-06 -3.306641066137398403e-06 -3.615798167450125153e-06 -1.376304929597485019e-06 -4.865226332661262355e-06 -6.326179393850836749e-07
1.050000000000000000e+01 4.500000000000000000e+00 3.977747866379609503e-06 2.511451161635008851e-05 -3.463700297438011423e-06 -3.611853548527286631e-06 -2.676450735058362933e-06 -1.376304929597490101e-06 -5.314300718625623986e-06 -2.179852859901941722e-07
1.050000000000000000e+01 5.500000000000000000e+00 -5.354052795977203366e-06 2.511451161635008513e-05 -2.772318459021417076e-06 -3.611853548527287478e-06 -1.688762394463234263e-06 -1.376304929597486290e-06 -5.314300718625625680e-06 2.179852859901961839e-07
1.050000000000000000e+01 6.500000000000000000e+00 -1.422912262467908301e-05 2.553981322903773390e-05 -2.114775256347190849e-06 -3.306641066137399250e-06 -7.494149620714768078e-07 -1.376304929597489678e-06 -4.865226332661263202e-06 6.326179393850824043e-07
1.050000000000000000e+01 7.500000000000000000e+00 -2.177870794864515195e-05 2.634878496931256198e-05 -1.555435599465969798e-06 -2.726092425674350441e-06 4.964169061598030827e-08 -1.376304929597488831e-06 -4.011036090515956204e-06 9.853255411645890043e-07
1.050000000000000000e+01 8.500000000000000000e+00 -2.726380275531161548e-05 2.746223904679894585e-05 -1.149051551141840588e-06 -1.927035772986893007e-06 6.301903310790282699e-07 -1.376304929597492642e-06 -2.835344084584265561e-06 1.241582613808183391e-06
1.050000000000000000e+01 9.500000000000000000e+00 -3.014748774809926528e-05 2.877118281850177476e-05 -9.354028134689150160e-07 -9.876883405951394693e-07 9.354028134689128984e-07 -1.376304929597487137e-06 -1.453235239934658661e-06 1.376304929597486713e-06
1.150000000000000000e+01 5.000000000000000000e-01 2.746223904679882049e-05 2.588749782571413174e-05 -4.995403460600631819e-06 -1.927035772986889619e-06 -5.086967205317592570e-06 -1.241582613808184026e-06 -2.835344084584260478e-06 -1.376304929597483960e-06
1.150000000000000000e+01 1.500000000000000000e+00 2.457855405401117746e-05 2.457855405401129266e-05 -4.781754722927703071e-06 -2.866383205378646757e-06 -4.781754722927703071e-06 -1.241582613808178732e-06 -4.217452929233873096e-06 -1.241582613808178732e-06
1.150000000000000000e+01 2.500000000000000000e+00 1.909345924734471393e-05 2.346509997652492234e-05 -4.375370674603581060e-06 -3.665439858066101226e-06 -4.201206082464666544e-06 -1.241582613808181062e-06 -5.393144935165559504e-06 -9.853255411645904866e-07
1.150000000000000000e+01 3.500000000000000000e+00 1.154387392337865515e-05 2.265612823625008410e-05 -3.816031017722349421e-06 -4.245988498529153423e-06 -3.402149429777194711e-06 -1.241582613808180638e-06 -6.247335177310870737e-06 -6.326179393850768986e-07
1.150000000000000000e+01 4.500000000000000000e+00 2.668804094676777204e-06 2.223082662356244210e-05 -3.158487815048128700e-06 -4.551200980919039534e-06 -2.462801997385449432e-06 -1.241582613808181273e-06 -6.696409563275229827e-06 -2.179852859901978780e-07
1.150000000000000000e+01 5.500000000000000000e+00 -6.662996567680038206e-06 2.223082662356244888e-05 -2.467105976631531389e-06 -4.551200980919041228e-06 -1.475113656790311021e-06 -1.241582613808180850e-06 -6.696409563275232368e-06 2.179852859901991485e-07
1.150000000000000000e+01 6.500000000000000000e+00 -1.553806639638192209e-05 2.265612823625008410e-05 -1.809562773957301562e-06 -4.245988498529151729e-06 -5.357662243985600242e-07 -1.241582613808177250e-06 -6.247335177310869043e-06 6.326179393850775339e-07
1.150000000000000000e+01 7.500000000000000000e+00 -2.308765172034798086e-05 2.346509997652490879e-05 -1.250223117076076488e-06 -3.665439858066104191e-06 2.632904282889013270e-07 -1.241582613808175344e-06 -5.393144935165563739e-06 9.853255411645851926e-07
1.150000000000000000e+01 8.500000000000000000e+00 -2.857274652701444439e-05 2.457855405401129266e-05 -8.438390687519574413e-07 -2.866383205378646757e-06 8.438390687519491827e-07 -1.241582613808187838e-06 -4.217452929233873096e-06 1.241582613808185720e-06
1.150000000000000000e+01 9.500000000000000000e+00 -3.145643151980209419e-05 2.588749782571412835e-05 -6.301903310790259405e-07 -1.927035772986891313e-06 1.149051551141836352e-06 -1.241582613808178732e-06 -2.835344084584263019e-06 1.376304929597487560e-06
1.250000000000000000e+01 5.000000000000000000e-01 2.634878496931244000e-05 2.040240301904767159e-05 -4.414854820137582587e-06 -2.726092425674352135e-06 -4.680583156993464630e-06 -9.853255411645870985e-07 -4.011036090515958745e-06 -1.376304929597490313e-06
1.250000000000000000e+01 1.500000000000000000e+00 2.346509997652479360e-05 1.909345924734483590e-05 -4.201206082464663156e-06 -3.665439858066104191e-06 -4.375370674603575978e-06 -9.853255411645904866e-07 -5.393144935165563739e-06 -1.241582613808178944e-06
1.250000000000000000e+01 2.500000000000000000e+00 1.798000516985833345e-05 1.798000516985845542e-05 -3.794822034140524628e-06 -4.464496510753561625e-06 -3.794822034140524628e-06 -9.853255411645877337e-07 -6.568836941097254382e-06 -9.853255411645877337e-07
1.250000000000000000e+01 3.500000000000000000e+00 1.043041984589227298e-05 1.717103342958361718e-05 -3.235482377259304424e-06 -5.045045151216610857e-06 -2.995765381453070159e-06 -9.853255411645860397e-07 -7.423027183242562228e-06 -6.326179393850826161e-07
1.250000000000000000e+01 4.500000000000000000e+00 1.555350017190395242e-06 1.674573181689598196e-05 -2.577939174585079044e-06 -5.350257633606498662e-06 -2.056417949061315139e-06 -9.853255411645885808e-07 -7.872101569206923011e-06 -2.179852859901982485e-07
1.250000000000000000e+01 5.500000000000000000e+00 -7.776450645166419533e-06 1.674573181689597857e-05 -1.886557336168480886e-06 -5.350257633606499509e-06 -1.068729608466179269e-06 -9.853255411645860397e-07 -7.872101569206924705e-06 2.179852859901961309e-07
1.250000000000000000e+01 6.500000000000000000e+00 -1.665152047386830257e-05 1.717103342958361040e-05 -1.229014133494256353e-06 -5.045045151216612551e-06 -1.293821760744217077e-07 -9.853255411645906984e-07 -7.423027183242564769e-06 6.326179393850832513e-07
1.250000000000000000e+01 7.500000000000000000e+00 -2.420110579783436134e-05 1.798000516985844864e-05 -6.696744766130378436e-07 -4.464496510753563319e-06 6.696744766130378436e-07 -9.853255411645934512e-07 -6.568836941097256923e-06 9.853255411645934512e-07
1.250000000000000000e+01 8.500000000000000000e+00 -2.968620060450082826e-05 1.909345924734483929e-05 -2.632904282889032328e-07 -3.665439858066105885e-06 1.250223117076084535e-06 -9.853255411645917572e-07 -5.393144935165566280e-06 1.241582613808183603e-06
1.250000000000000000e+01 9.500000000000000000e+00 -3.256988559728846790e-05 2.040240301904766481e-05 -4.964169061597734366e-08 -2.726092425674348747e-06 1.555435599465962810e-06 -9.853255411645820163e-07 -4.011036090515953662e-06 1.376304929597480996e-06
1.350000000000000000e+01 5.000000000000000000e-01 2.553981322903760854e-05 1.285281769508161451e-05 -3.615798167450125153e-06 -3.306641066137399250e-06 -4.121243500112238920e-06 -6.326179393850836749e-07 -4.865226332661263202e-06 -1.376304929597485019e-06
1.350000000000000000e+01 1.500000000000000000e+00 2.265612823624996213e-05 1.154387392337878899e-05 -3.402149429777197252e-06 -4.245988498529152576e-06 -3.816031017722356198e-06 -6.326179393850749928e-07 -6.247335177310869890e-06 -1.241582613808184873e-06
1.350000000000000000e+01 2.500000000000000000e+00 1.717103342958349859e-05 1.043041984589240004e-05 -2.995765381453067618e-06 -5.045045151216610010e-06 -3.235482377259306966e-06 -6.326179393850793338e-07 -7.423027183242560533e-06 -9.853255411645894278e-07
1.350000000000000000e+01 3.500000000000000000e+00 9.621448105617439817e-06 9.621448105617566872e-06 -2.436425724571845297e-06 -5.625593791679659242e-06 -2.436425724571846144e-06 -6.326179393850793338e-07 -8.277217425387868379e-06 -6.326179393850806044e-07
1.350000000000000000e+01 4.500000000000000000e+00 7.463782769155591139e-07 9.196146492929931654e-06 -1.778882521897619916e-06 -5.930806274069547894e-06 -1.497078292180094511e-06 -6.326179393850798632e-07 -8.726291811352231704e-06 -2.179852859901990162e-07
1.350000000000000000e+01 5.500000000000000000e+00 -8.585422385441256085e-06 9.196146492929931654e-06 -1.087500683481021759e-06 -5.930806274069547047e-06 -5.093899515849561010e-07 -6.326179393850788044e-07 -8.726291811352230010e-06 2.179852859901974544e-07
1.350000000000000000e+01 6.500000000000000000e+00 -1.746049221414313403e-05 9.621448105617568566e-06 -4.299574808067991841e-07 -5.625593791679660936e-06 4.299574808067991841e-07 -6.326179393850840984e-07 -8.277217425387870073e-06 6.326179393850840984e-07
1.350000000000000000e+01 7.500000000000000000e+00 -2.501007753810918603e-05 1.043041984589240004e-05 1.293821760744214959e-07 -5.045045151216612551e-06 1.229014133494254447e-06 -6.326179393850824043e-07 -7.423027183242564769e-06 9.853255411645892161e-07
1.350000000000000000e+01 8.500000000000000000e+00 -3.049517234477566651e-05 1.154387392337878390e-05 5.357662243985576948e-07 -4.245988498529153423e-06 1.809562773957307703e-06 -6.326179393850832513e-07 -6.247335177310870737e-06 1.241582613808184026e-06
1.350000000000000000e+01 9.500000000000000000e+00 -3.337885733756330614e-05 1.285281769508161959e-05 7.494149620714761725e-07 -3.306641066137398403e-06 2.114775256347193390e-06 -6.326179393850846278e-07 -4.865226332661262355e-06 1.376304929597492642e-06
1.450000000000000000e+01 5.000000000000000000e-01 2.511451161634996654e-05 3.977747866379740793e-06 -2.676450735058371827e-06 -3.611853548527288325e-06 -3.463700297438013540e-06 -2.179852859902009484e-07 -5.314300718625626527e-06 -1.376304929597486290e-06
1.450000000000000000e+01 1.500000000000000000e+00 2.223082662356232352e-05 2.668804094676906377e-06 -2.462801997385450702e-06 -4.551200980919041228e-06 -3.158487815048128276e-06 -2.179852859901995720e-07 -6.696409563275232368e-06 -1.241582613808180003e-06
1.450000000000000000e+01 2.500000000000000000e+00 1.674573181689585660e-05 1.555350017190521873e-06 -2.056417949061312174e-06 -5.350257633606501203e-06 -2.577939174585076927e-06 -2.179852859901969780e-07 -7.872101569206926399e-06 -9.853255411645885808e-07
1.450000000000000000e+01 3.500000000000000000e+00 9.196146492929801211e-06 7.463782769156895570e-07 -1.497078292180098111e-06 -5.930806274069547047e-06 -1.778882521897621822e-06 -2.179852859902008161e-07 -8.726291811352230010e-06 -6.326179393850795456e-07
1.450000000000000000e+01 4.500000000000000000e+00 3.210766642279226256e-07 3.210766642280540216e-07 -8.395350895058679666e-07 -6.236018756459437393e-06 -8.395350895058675431e-07 -2.179852859901989632e-07 -9.175366197316595028e-06 -2.179852859901983279e-07
1.450000000000000000e+01 5.500000000000000000e+00 -9.010723998128892997e-06 3.210766642280512688e-07 -1.481532510892668441e-07 -6.236018756459437393e-06 1.481532510892724556e-07 -2.179852859901962104e-07 -9.175366197316595028e-06 2.179852859901976927e-07
1.450000000000000000e+01 6.500000000000000000e+00 -1.788579382683076925e-05 7.463782769156901923e-07 5.093899515849546187e-07 -5.930806274069550435e-06 1.087500683481022182e-06 -2.179852859901991485e-07 -8.726291811352235092e-06 6.326179393850801808e-07
1.450000000000000000e+01 7.500000000000000000e+00 -2.543537915079683480e-05 1.555350017190522720e-06 1.068729608466180116e-06 -5.350257633606502050e-06 1.886557336168481733e-06 -2.179852859901956015e-07 -7.872101569206928093e-06 9.853255411645858279e-07
1.450000000000000000e+01 8.500000000000000000e+00 -3.092047395746329834e-05 2.668804094676903836e-06 1.475113656790304245e-06 -4.551200980919042075e-06 2.467105976631529695e-06 -2.179852859902038072e-07 -6.696409563275234062e-06 1.241582613808183391e-06
1.450000000000000000e+01 9.500000000000000000e+00 -3.380415895025094814e-05 3.977747866379737405e-06 1.688762394463235957e-06 -3.611853548527289596e-06 2.772318459021419617e-06 -2.179852859901962898e-07 -5.314300718625628221e-06 1.376304929597487560e-06
1.550000000000000000e+01 5.000000000000000000e-01 2.511451161634996993e-05 -5.354052795977074617e-06 -1.688762394463231299e-06 -3.611853548527289596e-06 -2.772318459021415806e-06 2.179852859901979838e-07 -5.314300718625628221e-06 -1.376304929597487137e-06
1.550000000000000000e+01 1.500000000000000000e+00 2.223082662356232013e-05 -6.662996567679906916e-06 -1.475113656790313562e-06 -4.551200980919042922e-06 -2.467105976631528001e-06 2.179852859901949133e-07 -6.696409563275234909e-06 -1.241582613808176615e-06
1.550000000000000000e+01 2.500000000000000000e+00 1.674573181689585660e-05 -7.776450645166287396e-06 -1.068729608466174187e-06 -5.350257633606499509e-06 -1.886557336168483427e-06 2.179852859902019543e-07 -7.872101569206924705e-06 -9.853255411645911219e-07
1.550000000000000000e+01 3.500000000000000000e+00 9.196146492929802905e-06 -8.585422385441122254e-06 -5.093899515849577950e-07 -5.930806274069550435e-06 -1.087500683481022606e-06 2.179852859901965545e-07 -8.726291811352235092e-06 -6.326179393850785927e-07
1.550000000000000000e+01 4.500000000000000000e+00 3.210766642279222021e-07 -9.010723998128759165e-06 1.481532510892689352e-07 -6.236018756459436546e-06 -1.481532510892697293e-07 2.179852859901963692e-07 -9.175366197316593334e-06 -2.179852859901965809e-07
1.550000000000000000e+01 5.500000000000000000e+00 -9.010723998128894691e-06 -9.010723998128759165e-06 8.395350895058659549e-07 -6.236018756459437393e-06 8.395350895058659549e-07 2.179852859901981956e-07 -9.175366197316595028e-06 2.179852859901981956e-07
1.550000000000000000e+01 6.500000000000000000e+00 -1.788579382683077264e-05 -8.585422385441120560e-06 1.497078292180092182e-06 -5.930806274069548741e-06 1.778882521897616740e-06 2.179852859901989103e-07 -8.726291811352231704e-06 6.326179393850785927e-07
1.550000000000000000e+01 7.500000000000000000e+00 -2.543537915079682803e-05 -7.776450645166285702e-06 2.056417949061311327e-06 -5.350257633606502050e-06 2.577939174585076080e-06 2.179852859901967662e-07 -7.872101569206928093e-06 9.853255411645883690e-07
1.550000000000000000e+01 8.500000000000000000e+00 -3.092047395746329834e-05 -6.662996567679904375e-06 2.462801997385455361e-06 -4.551200980919042922e-06 3.158487815048119383e-06 2.179852859902087835e-07 -6.696409563275234909e-06 1.241582613808169627e-06
1.550000000000000000e+01 9.500000000000000000e+00 -3.380415895025093458e-05 -5.354052795977078005e-06 2.676450735058376909e-06 -3.611853548527289596e-06 3.463700297438016081e-06 2.179852859902037013e-07 -5.314300718625628221e-06 1.376304929597485443e-06
1.650000000000000000e+01 5.000000000000000000e-01 2.553981322903761192e-05 -1.422912262467895596e-05 -7.494149620714780783e-07 -3.306641066137399250e-06 -2.114775256347190426e-06 6.326179393850809220e-07 -4.865226332661263202e-06 -1.376304929597488619e-06
1.650000000000000000e+01 1.500000000000000000e+00 2.265612823624996213e-05 -1.553806639638178995e-05 -5.357662243985555773e-07 -4.245988498529151729e-06 -1.809562773957303891e-06 6.326179393850828278e-07 -6.247335177310869043e-06 -1.241582613808181909e-06
1.650000000000000000e+01 2.500000000000000000e+00 1.717103342958348843e-05 -1.665152047386816704e-05 -1.293821760744217077e-07 -5.045045151216610010e-06 -1.229014133494256353e-06 6.326179393850832513e-07 -7.423027183242560533e-06 -9.853255411645906984e-07
1.650000000000000000e+01 3.500000000000000000e+00 9.621448105617436429e-06 -1.746049221414299851e-05 4.299574808067956901e-07 -5.625593791679656701e-06 -4.299574808067977018e-07 6.326179393850800750e-07 -8.277217425387864991e-06 -6.326179393850807102e-07
1.650000000000000000e+01 4.500000000000000000e+00 7.463782769155605962e-07 -1.788579382683063712e-05 1.087500683481022606e-06 -5.930806274069549588e-06 5.093899515849603361e-07 6.326179393850770045e-07 -8.726291811352233398e-06 -2.179852859901943575e-07
1.650000000000000000e+01 5.500000000000000000e+00 -8.585422385441249309e-06 -1.788579382683063373e-05 1.778882521897618011e-06 -5.930806274069548741e-06 1.497078292180091759e-06 6.326179393850798632e-07 -8.726291811352231704e-06 2.179852859901978250e-07
1.650000000000000000e+01 6.500000000000000000e+00 -1.746049221414313065e-05 -1.746049221414299851e-05 2.436425724571851226e-06 -5.625593791679660936e-06 2.436425724571844450e-06 6.326179393850854748e-07 -8.277217425387870073e-06 6.326179393850757339e-07
1.650000000000000000e+01 7.500000000000000000e+00 -2.501007753810917926e-05 -1.665152047386816365e-05 2.995765381453065500e-06 -5.045045151216612551e-06 3.235482377259301460e-06 6.326179393850804985e-07 -7.423027183242564769e-06 9.853255411645862514e-07
1.650000000000000000e+01 8.500000000000000000e+00 -3.049517234477565973e-05 -1.553806639638178995e-05 3.402149429777200640e-06 -4.245988498529153423e-06 3.816031017722353657e-06 6.326179393850793338e-07 -6.247335177310870737e-06 1.241582613808180850e-06
1.650000000000000000e+01 9.500000000000000000e+00 -3.337885733756331292e-05 -1.422912262467895765e-05 3.615798167450126847e-06 -3.306641066137399250e-06 4.121243500112238920e-06 6.326179393850850513e-07 -4.865226332661263202e-06 1.376304929597484172e-06
1.750000000000000000e+01 5.000000000000000000e-01 2.634878496931244000e-05 -2.177870794864500287e-05 4.964169061598030827e-08 -2.726092425674352135e-06 -1.555435599465969798e-06 9.853255411645890043e-07 -4.011036090515958745e-06 -1.376304929597488831e-06
1.750000000000000000e+01 1.500000000000000000e+00 2.346509997652480037e-05 -2.308765172034783856e-05 2.632904282888973036e-07 -3.665439858066104191e-06 -1.250223117076080723e-06 9.853255411645841339e-07 -5.393144935165563739e-06 -1.241582613808176403e-06
1.750000000000000000e+01 2.500000000000000000e+00 1.798000516985832328e-05 -2.420110579783422581e-05 6.696744766130348790e-07 -4.464496510753563319e-06 -6.696744766130276792e-07 9.853255411645845574e-07 -6.568836941097256923e-06 -9.853255411645828633e-07
1.750000000000000000e+01 3.500000000000000000e+00 1.043041984589227129e-05 -2.501007753810905390e-05 1.229014133494254447e-06 -5.045045151216613398e-06 1.293821760744214959e-07 9.853255411645892161e-07 -7.423027183242565616e-06 -6.326179393850824043e-07
1.750000000000000000e+01 4.500000000000000000e+00 1.555350017190393759e-06 -2.543537915079669250e-05 1.886557336168485121e-06 -5.350257633606502897e-06 1.068729608466180116e-06 9.853255411645890043e-07 -7.872101569206929787e-06 -2.179852859901978250e-07
1.750000000000000000e+01 5.500000000000000000e+00 -7.776450645166421228e-06 -2.543537915079669589e-05 2.577939174585076927e-06 -5.350257633606502050e-06 2.056417949061316409e-06 9.853255411645860397e-07 -7.872101569206928093e-06 2.179852859902006308e-07
1.750000000000000000e+01 6.500000000000000000e+00 -1.665152047386829579e-05 -2.501007753810905390e-05 3.235482377259305271e-06 -5.045045151216612551e-06 2.995765381453065924e-06 9.853255411645892161e-07 -7.423027183242564769e-06 6.326179393850785927e-07
1.750000000000000000e+01 7.500000000000000000e+00 -2.420110579783434779e-05 -2.420110579783421904e-05 3.794822034140524204e-06 -4.464496510753564166e-06 3.794822034140524204e-06 9.853255411645875220e-07 -6.568836941097257770e-06 9.853255411645875220e-07
1.750000000000000000e+01 8.500000000000000000e+00 -2.968620060450082488e-05 -2.308765172034784195e-05 4.201206082464664003e-06 -3.665439858066104191e-06 4.375370674603576825e-06 9.853255411645906984e-07 -5.393144935165563739e-06 1.241582613808179156e-06
1.750000000000000000e+01 9.500000000000000000e+00 -3.256988559728846790e-05 -2.177870794864500626e-05 4.414854820137585975e-06 -2.726092425674350865e-06 4.680583156993456159e-06 9.853255411645951453e-07 -4.011036090515957051e-06 1.376304929597480996e-06
1.850000000000000000e+01 5.000000000000000000e-01 2.746223904679882387e-05 -2.726380275531146979e-05 6.301903310790322933e-07 -1.927035772986889619e-06 -1.149051551141836564e-06 1.241582613808184450e-06 -2.835344084584260478e-06 -1.376304929597491584e-06
1.850000000000000000e+01 1.500000000000000000e+00 2.457855405401117408e-05 -2.857274652701430887e-05 8.438390687519490769e-07 -2.866383205378646757e-06 -8.438390687519408183e-07 1.241582613808175556e-06 -4.217452929233873096e-06 -1.241582613808173438e-06
1.850000000000000000e+01 2.500000000000000000e+00 1.909345924734470376e-05 -2.968620060450069274e-05 1.250223117076081994e-06 -3.665439858066107579e-06 -2.632904282889025975e-07 1.241582613808180850e-06 -5.393144935165568821e-06 -9.853255411645894278e-07
1.850000000000000000e+01 3.500000000000000000e+00 1.154387392337865177e-05 -3.049517234477551743e-05 1.809562773957301138e-06 -4.245988498529155117e-06 5.357662243985562125e-07 1.241582613808179156e-06 -6.247335177310873279e-06 -6.326179393850804985e-07
1.850000000000000000e+01 4.500000000000000000e+00 2.668804094676776781e-06 -3.092047395746315604e-05 2.467105976631524613e-06 -4.551200980919043769e-06 1.475113656790307633e-06 1.241582613808177250e-06 -6.696409563275236603e-06 -2.179852859901979838e-07
1.850000000000000000e+01 5.500000000000000000e+00 -6.662996567680034818e-06 -3.092047395746316281e-05 3.158487815048123618e-06 -4.551200980919042075e-06 2.462801997385454514e-06 1.241582613808174074e-06 -6.696409563275234062e-06 2.179852859902051836e-07
1.850000000000000000e+01 6.500000000000000000e+00 -1.553806639638191870e-05 -3.049517234477553098e-05 3.816031017722351963e-06 -4.245988498529152576e-06 3.402149429777200217e-06 1.241582613808179156e-06 -6.247335177310869890e-06 6.326179393850802867e-07
1.850000000000000000e+01 7.500000000000000000e+00 -2.308765172034796731e-05 -2.968620060450069274e-05 4.375370674603579366e-06 -3.665439858066107579e-06 4.201206082464663156e-06 1.241582613808181697e-06 -5.393144935165568821e-06 9.853255411645885808e-07
1.850000000000000000e+01 8.500000000000000000e+00 -2.857274652701443762e-05 -2.857274652701430209e-05 4.781754722927710694e-06 -2.866383205378646757e-06 4.781754722927707306e-06 1.241582613808182756e-06 -4.217452929233873096e-06 1.241582613808177673e-06
1.850000000000000000e+01 9.500000000000000000e+00 -3.145643151980209419e-05 -2.726380275531146979e-05 4.995403460600637748e-06 -1.927035772986893007e-06 5.086967205317590029e-06 1.241582613808190591e-06 -2.835344084584265561e-06 1.376304929597478243e-06
1.950000000000000000e+01 5.000000000000000000e-01 2.877118281850165617e-05 -3.014748774809912976e-05 9.354028134689192511e-07 -9.876883405951394693e-07 -9.354028134689152277e-07 1.376304929597492219e-06 -1.453235239934658661e-06 -1.376304929597490948e-06
1.950000000000000000e+01 1.500000000000000000e+00 2.588749782571400299e-05 -3.145643151980195867e-05 1.149051551141838258e-06 -1.927035772986889619e-06 -6.301903310790339874e-07 1.376304929597493913e-06 -2.835344084584260478e-06 -1.241582613808186779e-06
1.950000000000000000e+01 2.500000000000000000e+00 2.040240301904754284e-05 -3.256988559728834592e-05 1.555435599465970857e-06 -2.726092425674353829e-06 -4.964169061597924948e-08 1.376304929597489254e-06 -4.011036090515961286e-06 -9.853255411645885808e-07
1.950000000000000000e+01 3.500000000000000000e+00 1.285281769508149084e-05 -3.337885733756317739e-05 2.114775256347187884e-06 -3.306641066137398403e-06 7.494149620714774430e-07 1.376304929597486925e-06 -4.865226332661262355e-06 -6.326179393850800750e-07
1.950000000000000000e+01 4.500000000000000000e+00 3.977747866379609503e-06 -3.380415895025080583e-05 2.772318459021414535e-06 -3.611853548527289596e-06 1.688762394463235110e-06 1.376304929597483748e-06 -5.314300718625628221e-06 -2.179852859901939604e-07
1.950000000000000000e+01 5.500000000000000000e+00 -5.354052795977207601e-06 -3.380415895025080583e-05 3.463700297438012270e-06 -3.611853548527287902e-06 2.676450735058370556e-06 1.376304929597486290e-06 -5.314300718625626527e-06 2.179852859902002073e-07
1.950000000000000000e+01 6.500000000000000000e+00 -1.422912262467909148e-05 -3.337885733756317739e-05 4.121243500112238073e-06 -3.306641066137398826e-06 3.615798167450124306e-06 1.376304929597484807e-06 -4.865226332661262355e-06 6.326179393850834631e-07
1.950000000000000000e+01 7.500000000000000000e+00 -2.177870794864513840e-05 -3.256988559728834592e-05 4.680583156993470559e-06 -2.726092425674350441e-06 4.414854820137580046e-06 1.376304929597496877e-06 -4.011036090515956204e-06 9.853255411645813810e-07
1.950000000000000000e+01 8.500000000000000000e+00 -2.726380275531160871e-05 -3.145643151980195867e-05 5.086967205317593417e-06 -1.927035772986893007e-06 4.995403460600627584e-06 1.376304929597487348e-06 -2.835344084584265561e-06 1.241582613808179791e-06
1.950000000000000000e+01 9.500000000000000000e+00 -3.014748774809925173e-05 -3.014748774809912976e-05 5.300615942990517083e-06 -9.876883405951403163e-07 5.300615942990513695e-06 1.376304929597490525e-06 -1.453235239934659931e-06 1.376304929597485443e-06
