5.000000000000000000e-01 1.050000000000000000e+01 -2.877118281850177137e-05 -2.877118281850164262e-05 5.300615942990517083e-06 9.876883405951386223e-07 5.300615942990517083e-06 1.376304929597488407e-06 1.453235239934657602e-06 1.376304929597488407e-06
5.000000000000000000e-01 1.150000000000000000e+01 -2.588749782571412157e-05 -2.746223904679881032e-05 5.086967205317599346e-06 1.927035772986890466e-06 4.995403460600635207e-06 1.376304929597487772e-06 2.835344084584261749e-06 1.241582613808182756e-06
5.000000000000000000e-01 1.250000000000000000e+01 -2.040240301904765126e-05 -2.634878496931242645e-05 4.680583156993461242e-06 2.726092425674348747e-06 4.414854820137587669e-06 1.376304929597483113e-06 4.011036090515953662e-06 9.853255411645947218e-07
5.000000000000000000e-01 1.350000000000000000e+01 -1.285281769508160096e-05 -2.553981322903758821e-05 4.121243500112236379e-06 3.306641066137400944e-06 3.615798167450122612e-06 1.376304929597484384e-06 4.865226332661265743e-06 6.326179393850830396e-07
5.000000000000000000e-01 1.450000000000000000e+01 -3.977747866379726394e-06 -2.511451161634995299e-05 3.463700297438013964e-06 3.611853548527287902e-06 2.676450735058367168e-06 1.376304929597489678e-06 5.314300718625626527e-06 2.179852859901962898e-07
5.000000000000000000e-01 1.550000000000000000e+01 5.354052795977085629e-06 -2.511451161634994960e-05 2.772318459021418770e-06 3.611853548527287902e-06 1.688762394463235957e-06 1.376304929597486713e-06 5.314300718625626527e-06 -2.179852859901957604e-07
5.000000000000000000e-01 1.650000000000000000e+01 1.422912262467896951e-05 -2.553981322903759837e-05 2.114775256347187884e-06 3.306641066137398403e-06 7.494149620714774430e-07 1.376304929597486925e-06 4.865226332661262355e-06 -6.326179393850800750e-07
5.000000000000000000e-01 1.750000000000000000e+01 2.177870794864502998e-05 -2.634878496931243323e-05 1.555435599465969798e-06 2.726092425674351288e-06 -4.964169061598030827e-08 1.376304929597488831e-06 4.011036090515957898e-06 -9.853255411645890043e-07
5.000000000000000000e-01 1.850000000000000000e+01 2.726380275531149351e-05 -2.746223904679881032e-05 1.149051551141836776e-06 1.927035772986889619e-06 -6.301903310790286934e-07 1.376304929597489678e-06 2.835344084584260478e-06 -1.241582613808181273e-06
5.000000000000000000e-01 1.950000000000000000e+01 3.014748774809913653e-05 -2.877118281850164262e-05 9.354028134689166042e-07 9.876883405951360812e-07 -9.354028134689144866e-07 1.376304929597489466e-06 1.453235239934653790e-06 -1.376304929597489042e-06
1.500000000000000000e+00 1.050000000000000000e+01 -2.746223904679893229e-05 -2.588749782571399960e-05 4.995403460600636901e-06 1.927035772986893007e-06 5.086967205317595958e-06 1.241582613808186144e-06 2.835344084584265561e-06 1.376304929597483960e-06
1.500000000000000000e+00 1.150000000000000000e+01 -2.457855405401128588e-05 -2.457855405401115713e-05 4.781754722927707306e-06 2.866383205378645063e-06 4.781754722927703918e-06 1.241582613808181909e-06 4.217452929233870555e-06 1.241582613808176826e-06
1.500000000000000000e+00 1.250000000000000000e+01 -1.909345924734482235e-05 -2.346509997652478004e-05 4.375370674603574284e-06 3.665439858066102920e-06 4.201206082464659768e-06 1.241582613808179156e-06 5.393144935165561198e-06 9.853255411645885808e-07
1.500000000000000000e+00 1.350000000000000000e+01 -1.154387392337877204e-05 -2.265612823624994180e-05 3.816031017722351116e-06 4.245988498529151729e-06 3.402149429777192594e-06 1.241582613808182967e-06 6.247335177310869043e-06 6.326179393850743575e-07
1.500000000000000000e+00 1.450000000000000000e+01 -2.668804094676889436e-06 -2.223082662356230997e-05 3.158487815048124041e-06 4.551200980919041228e-06 2.462801997385444773e-06 1.241582613808180003e-06 6.696409563275232368e-06 2.179852859901966074e-07
1.500000000000000000e+00 1.550000000000000000e+01 6.662996567679921316e-06 -2.223082662356230658e-05 2.467105976631529271e-06 4.551200980919042922e-06 1.475113656790303821e-06 1.241582613808183391e-06 6.696409563275234909e-06 -2.179852859902039131e-07
1.500000000000000000e+00 1.650000000000000000e+01 1.553806639638179672e-05 -2.265612823624994180e-05 1.809562773957301562e-06 4.245988498529152576e-06 5.357662243985600242e-07 1.241582613808177250e-06 6.247335177310869890e-06 -6.326179393850775339e-07
1.500000000000000000e+00 1.750000000000000000e+01 2.308765172034785211e-05 -2.346509997652478004e-05 1.250223117076076488e-06 3.665439858066104191e-06 -2.632904282889013270e-07 1.241582613808175344e-06 5.393144935165563739e-06 -9.853255411645851926e-07
1.500000000000000000e+00 1.850000000000000000e+01 2.857274652701432920e-05 -2.457855405401116391e-05 8.438390687519425124e-07 2.866383205378645910e-06 -8.438390687519507709e-07 1.241582613808175979e-06 4.217452929233871402e-06 -1.241582613808178097e-06
1.500000000000000000e+00 1.950000000000000000e+01 3.145643151980197222e-05 -2.588749782571399282e-05 6.301903310790322933e-07 1.927035772986889619e-06 -1.149051551141836564e-06 1.241582613808184450e-06 2.835344084584260478e-06 -1.376304929597491584e-06
2.500000000000000000e+00 1.050000000000000000e+01 -2.634878496931254843e-05 -2.040240301904752929e-05 4.414854820137589363e-06 2.726092425674353406e-06 4.680583156993464630e-06 9.853255411645928159e-07 4.011036090515960439e-06 1.376304929597486290e-06
2.500000000000000000e+00 1.150000000000000000e+01 -2.346509997652490202e-05 -1.909345924734468682e-05 4.201206082464661462e-06 3.665439858066104191e-06 4.375370674603577672e-06 9.853255411645881573e-07 5.393144935165563739e-06 1.241582613808181273e-06
2.500000000000000000e+00 1.250000000000000000e+01 -1.798000516985843848e-05 -1.798000516985831990e-05 3.794822034140522934e-06 4.464496510753560778e-06 3.794822034140522934e-06 9.853255411645870985e-07 6.568836941097252688e-06 9.853255411645870985e-07
2.500000000000000000e+00 1.350000000000000000e+01 -1.043041984589238648e-05 -1.717103342958347487e-05 3.235482377259307389e-06 5.045045151216609163e-06 2.995765381453066347e-06 9.853255411645906984e-07 7.423027183242559686e-06 6.326179393850777456e-07
2.500000000000000000e+00 1.450000000000000000e+01 -1.555350017190509168e-06 -1.674573181689584304e-05 2.577939174585076080e-06 5.350257633606498662e-06 2.056417949061312174e-06 9.853255411645877337e-07 7.872101569206923011e-06 2.179852859901975074e-07
2.500000000000000000e+00 1.550000000000000000e+01 7.776450645166304337e-06 -1.674573181689583288e-05 1.886557336168480886e-06 5.350257633606502050e-06 1.068729608466180963e-06 9.853255411645849809e-07 7.872101569206928093e-06 -2.179852859901946486e-07
2.500000000000000000e+00 1.650000000000000000e+01 1.665152047386818737e-05 -1.717103342958347826e-05 1.229014133494251271e-06 5.045045151216612551e-06 1.293821760744266840e-07 9.853255411645832868e-07 7.423027183242564769e-06 -6.326179393850759457e-07
2.500000000000000000e+00 1.750000000000000000e+01 2.420110579783423937e-05 -1.798000516985830973e-05 6.696744766130321261e-07 4.464496510753565013e-06 -6.696744766130321261e-07 9.853255411645849809e-07 6.568836941097259464e-06 -9.853255411645849809e-07
2.500000000000000000e+00 1.850000000000000000e+01 2.968620060450070629e-05 -1.909345924734469021e-05 2.632904282889009035e-07 3.665439858066104191e-06 -1.250223117076080299e-06 9.853255411645868867e-07 5.393144935165563739e-06 -1.241582613808178309e-06
2.500000000000000000e+00 1.950000000000000000e+01 3.256988559728835948e-05 -2.040240301904752929e-05 4.964169061598200234e-08 2.726092425674352135e-06 -1.555435599465971492e-06 9.853255411645915454e-07 4.011036090515958745e-06 -1.376304929597491372e-06
3.500000000000000000e+00 1.050000000000000000e+01 -2.553981322903771696e-05 -1.285281769508147221e-05 3.615798167450128118e-06 3.306641066137398826e-06 4.121243500112243156e-06 6.326179393850838866e-07 4.865226332661262355e-06 1.376304929597486501e-06
3.500000000000000000e+00 1.150000000000000000e+01 -2.265612823625007393e-05 -1.154387392337863483e-05 3.402149429777195135e-06 4.245988498529151729e-06 3.816031017722349421e-06 6.326179393850775339e-07 6.247335177310869043e-06 1.241582613808180003e-06
3.500000000000000000e+00 1.250000000000000000e+01 -1.717103342958360362e-05 -1.043041984589226112e-05 2.995765381453066347e-06 5.045045151216610857e-06 3.235482377259307389e-06 6.326179393850779574e-07 7.423027183242562228e-06 9.853255411645904866e-07
3.500000000000000000e+00 1.350000000000000000e+01 -9.621448105617555013e-06 -9.621448105617421182e-06 2.436425724571846144e-06 5.625593791679659242e-06 2.436425724571846991e-06 6.326179393850795456e-07 8.277217425387868379e-06 6.326179393850808161e-07
3.500000000000000000e+00 1.450000000000000000e+01 -7.463782769156775927e-07 -9.196146492929787659e-06 1.778882521897621611e-06 5.930806274069549588e-06 1.497078292180097053e-06 6.326179393850798632e-07 8.726291811352233398e-06 2.179852859902001279e-07
3.500000000000000000e+00 1.550000000000000000e+01 8.585422385441137500e-06 -9.196146492929787659e-06 1.087500683481023241e-06 5.930806274069547894e-06 5.093899515849577950e-07 6.326179393850792279e-07 8.726291811352231704e-06 -2.179852859901970574e-07
3.500000000000000000e+00 1.650000000000000000e+01 1.746049221414302223e-05 -9.621448105617426264e-06 4.299574808067984959e-07 5.625593791679659242e-06 -4.299574808067964842e-07 6.326179393850819808e-07 8.277217425387868379e-06 -6.326179393850813455e-07
3.500000000000000000e+00 1.750000000000000000e+01 2.501007753810907422e-05 -1.043041984589225435e-05 -1.293821760744303898e-07 5.045045151216612551e-06 -1.229014133494255718e-06 6.326179393850754163e-07 7.423027183242564769e-06 -9.853255411645849809e-07
3.500000000000000000e+00 1.850000000000000000e+01 3.049517234477553776e-05 -1.154387392337864160e-05 -5.357662243985562125e-07 4.245988498529151729e-06 -1.809562773957301138e-06 6.326179393850804985e-07 6.247335177310869043e-06 -1.241582613808179156e-06
3.500000000000000000e+00 1.950000000000000000e+01 3.337885733756319095e-05 -1.285281769508147729e-05 -7.494149620714772313e-07 3.306641066137400944e-06 -2.114775256347194661e-06 6.326179393850843101e-07 4.865226332661265743e-06 -1.376304929597492854e-06
4.500000000000000000e+00 1.050000000000000000e+01 -2.511451161635007835e-05 -3.977747866379597645e-06 2.676450735058362509e-06 3.611853548527288325e-06 3.463700297438014387e-06 2.179852859901922664e-07 5.314300718625626527e-06 1.376304929597492642e-06
4.500000000000000000e+00 1.150000000000000000e+01 -2.223082662356243194e-05 -2.668804094676758146e-06 2.462801997385445620e-06 4.551200980919039534e-06 3.158487815048123194e-06 2.179852859901979838e-07 6.696409563275229827e-06 1.241582613808178732e-06
4.500000000000000000e+00 1.250000000000000000e+01 -1.674573181689596163e-05 -1.555350017190378725e-06 2.056417949061309633e-06 5.350257633606499509e-06 2.577939174585072691e-06 2.179852859901975603e-07 7.872101569206924705e-06 9.853255411645860397e-07
4.500000000000000000e+00 1.350000000000000000e+01 -9.196146492929914713e-06 -7.463782769155431262e-07 1.497078292180096629e-06 5.930806274069549588e-06 1.778882521897619916e-06 2.179852859902006573e-07 8.726291811352233398e-06 6.326179393850788044e-07
4.500000000000000000e+00 1.450000000000000000e+01 -3.210766642280408926e-07 -3.210766642279075908e-07 8.395350895058684960e-07 6.236018756459437393e-06 8.395350895058663784e-07 2.179852859902001014e-07 9.175366197316595028e-06 2.179852859901970309e-07
4.500000000000000000e+00 1.550000000000000000e+01 9.010723998128774412e-06 -3.210766642279045203e-07 1.481532510892704969e-07 6.236018756459437393e-06 -1.481532510892699675e-07 2.179852859901978780e-07 9.175366197316595028e-06 -2.179852859901977191e-07
4.500000000000000000e+00 1.650000000000000000e+01 1.788579382683065067e-05 -7.463782769155500083e-07 -5.093899515849597009e-07 5.930806274069548741e-06 -1.087500683481025782e-06 2.179852859901967927e-07 8.726291811352231704e-06 -6.326179393850800750e-07
4.500000000000000000e+00 1.750000000000000000e+01 2.543537915079671622e-05 -1.555350017190380630e-06 -1.068729608466181598e-06 5.350257633606502897e-06 -1.886557336168487451e-06 2.179852859901979309e-07 7.872101569206929787e-06 -9.853255411645900631e-07
4.500000000000000000e+00 1.850000000000000000e+01 3.092047395746317637e-05 -2.668804094676762805e-06 -1.475113656790308480e-06 4.551200980919042922e-06 -2.467105976631529695e-06 2.179852859902003132e-07 6.696409563275234909e-06 -1.241582613808181062e-06
4.500000000000000000e+00 1.950000000000000000e+01 3.380415895025082616e-05 -3.977747866379593410e-06 -1.688762394463235534e-06 3.611853548527289596e-06 -2.772318459021419194e-06 2.179852859901963956e-07 5.314300718625628221e-06 -1.376304929597487560e-06
5.500000000000000000e+00 1.050000000000000000e+01 -2.511451161635007835e-05 5.354052795977219460e-06 1.688762394463235957e-06 3.611853548527287902e-06 2.772318459021418770e-06 -2.179852859901957604e-07 5.314300718625626527e-06 1.376304929597486713e-06
5.500000000000000000e+00 1.150000000000000000e+01 -2.223082662356243194e-05 6.662996567680056841e-06 1.475113656790314409e-06 4.551200980919041228e-06 2.467105976631532236e-06 -2.179852859901968192e-07 6.696409563275232368e-06 1.241582613808179579e-06
5.500000000000000000e+00 1.250000000000000000e+01 -1.674573181689596840e-05 7.776450645166436474e-06 1.068729608466177152e-06 5.350257633606500356e-06 1.886557336168479192e-06 -2.179852859901966603e-07 7.872101569206926399e-06 9.853255411645854044e-07
5.500000000000000000e+00 1.350000000000000000e+01 -9.196146492929913019e-06 8.585422385441273025e-06 5.093899515849581127e-07 5.930806274069547894e-06 1.087500683481023029e-06 -2.179852859901964751e-07 8.726291811352231704e-06 6.326179393850785927e-07
5.500000000000000000e+00 1.450000000000000000e+01 -3.210766642280379280e-07 9.010723998128901467e-06 -1.481532510892705763e-07 6.236018756459437393e-06 1.481532510892705763e-07 -2.179852859901983015e-07 9.175366197316595028e-06 2.179852859901983015e-07
5.500000000000000000e+00 1.550000000000000000e+01 9.010723998128777800e-06 9.010723998128909937e-06 -8.395350895058664843e-07 6.236018756459437393e-06 -8.395350895058664843e-07 -2.179852859901983279e-07 9.175366197316595028e-06 -2.179852859901983279e-07
5.500000000000000000e+00 1.650000000000000000e+01 1.788579382683065406e-05 8.585422385441261167e-06 -1.497078292180091123e-06 5.930806274069547047e-06 -1.778882521897625422e-06 -2.179852859901925575e-07 8.726291811352230010e-06 -6.326179393850868512e-07
5.500000000000000000e+00 1.750000000000000000e+01 2.543537915079670944e-05 7.776450645166436474e-06 -2.056417949061312174e-06 5.350257633606498662e-06 -2.577939174585079468e-06 -2.179852859901954957e-07 7.872101569206923011e-06 -9.853255411645906984e-07
5.500000000000000000e+00 1.850000000000000000e+01 3.092047395746318314e-05 6.662996567680050912e-06 -2.462801997385451549e-06 4.551200980919046310e-06 -3.158487815048127429e-06 -2.179852859902007367e-07 6.696409563275239991e-06 -1.241582613808178732e-06
5.500000000000000000e+00 1.950000000000000000e+01 3.380415895025082616e-05 5.354052795977220307e-06 -2.676450735058367592e-06 3.611853548527289596e-06 -3.463700297438010999e-06 -2.179852859901986191e-07 5.314300718625628221e-06 -1.376304929597486713e-06
6.500000000000000000e+00 1.050000000000000000e+01 -2.553981322903772034e-05 1.422912262467909826e-05 7.494149620714785018e-07 3.306641066137399250e-06 2.114775256347190849e-06 -6.326179393850809220e-07 4.865226332661263202e-06 1.376304929597488619e-06
6.500000000000000000e+00 1.150000000000000000e+01 -2.265612823625007732e-05 1.553806639638193564e-05 5.357662243985547302e-07 4.245988498529153423e-06 1.809562773957304738e-06 -6.326179393850840984e-07 6.247335177310870737e-06 1.241582613808183179e-06
6.500000000000000000e+00 1.250000000000000000e+01 -1.717103342958360701e-05 1.665152047386831612e-05 1.293821760744270016e-07 5.045045151216610857e-06 1.229014133494250000e-06 -6.326179393850747810e-07 7.423027183242562228e-06 9.853255411645820163e-07
6.500000000000000000e+00 1.350000000000000000e+01 -9.621448105617553319e-06 1.746049221414315098e-05 -4.299574808067956901e-07 5.625593791679657548e-06 4.299574808067977018e-07 -6.326179393850800750e-07 8.277217425387864991e-06 6.326179393850807102e-07
6.500000000000000000e+00 1.450000000000000000e+01 -7.463782769156774868e-07 1.788579382683078281e-05 -1.087500683481025570e-06 5.930806274069550435e-06 -5.093899515849548304e-07 -6.326179393850828278e-07 8.726291811352235092e-06 2.179852859902008426e-07
6.500000000000000000e+00 1.550000000000000000e+01 8.585422385441139194e-06 1.788579382683078281e-05 -1.778882521897620128e-06 5.930806274069548741e-06 -1.497078292180092182e-06 -6.326179393850814514e-07 8.726291811352231704e-06 -2.179852859901968986e-07
6.500000000000000000e+00 1.650000000000000000e+01 1.746049221414301545e-05 1.746049221414314420e-05 -2.436425724571841485e-06 5.625593791679659242e-06 -2.436425724571841485e-06 -6.326179393850789103e-07 8.277217425387868379e-06 -6.326179393850789103e-07
6.500000000000000000e+00 1.750000000000000000e+01 2.501007753810907084e-05 1.665152047386831273e-05 -2.995765381453065924e-06 5.045045151216612551e-06 -3.235482377259303577e-06 -6.326179393850796515e-07 7.423027183242564769e-06 -9.853255411645877337e-07
6.500000000000000000e+00 1.850000000000000000e+01 3.049517234477553776e-05 1.553806639638192547e-05 -3.402149429777198946e-06 4.245988498529155117e-06 -3.816031017722347727e-06 -6.326179393850814514e-07 6.247335177310873279e-06 -1.241582613808176615e-06
6.500000000000000000e+00 1.950000000000000000e+01 3.337885733756318417e-05 1.422912262467909656e-05 -3.615798167450126424e-06 3.306641066137400097e-06 -4.121243500112234685e-06 -6.326179393850874865e-07 4.865226332661264896e-06 -1.376304929597480360e-06
7.500000000000000000e+00 1.050000000000000000e+01 -2.634878496931255520e-05 2.177870794864515195e-05 -4.964169061598126118e-08 2.726092425674352982e-06 1.555435599465968951e-06 -9.853255411645892161e-07 4.011036090515960439e-06 1.376304929597488619e-06
7.500000000000000000e+00 1.150000000000000000e+01 -2.346509997652490202e-05 2.308765172034798764e-05 -2.632904282888978330e-07 3.665439858066105038e-06 1.250223117076080088e-06 -9.853255411645843456e-07 5.393144935165564586e-06 1.241582613808176191e-06
7.500000000000000000e+00 1.250000000000000000e+01 -1.798000516985843848e-05 2.420110579783436134e-05 -6.696744766130312791e-07 4.464496510753561625e-06 6.696744766130312791e-07 -9.853255411645837103e-07 6.568836941097254382e-06 9.853255411645837103e-07
7.500000000000000000e+00 1.350000000000000000e+01 -1.043041984589238479e-05 2.501007753810920636e-05 -1.229014133494255930e-06 5.045045151216611704e-06 -1.293821760744262605e-07 -9.853255411645875220e-07 7.423027183242563075e-06 6.326179393850790162e-07
7.500000000000000000e+00 1.450000000000000000e+01 -1.555350017190509168e-06 2.543537915079683819e-05 -1.886557336168481310e-06 5.350257633606501203e-06 -1.068729608466179693e-06 -9.853255411645860397e-07 7.872101569206926399e-06 2.179852859901960251e-07
7.500000000000000000e+00 1.550000000000000000e+01 7.776450645166304337e-06 2.543537915079684158e-05 -2.577939174585076503e-06 5.350257633606500356e-06 -2.056417949061312597e-06 -9.853255411645879455e-07 7.872101569206926399e-06 -2.179852859901976133e-07
7.500000000000000000e+00 1.650000000000000000e+01 1.665152047386818398e-05 2.501007753810919958e-05 -3.235482377259301883e-06 5.045045151216611704e-06 -2.995765381453062536e-06 -9.853255411645883690e-07 7.423027183242563075e-06 -6.326179393850777456e-07
7.500000000000000000e+00 1.750000000000000000e+01 2.420110579783423937e-05 2.420110579783436473e-05 -3.794822034140523357e-06 4.464496510753564166e-06 -3.794822034140525052e-06 -9.853255411645862514e-07 6.568836941097257770e-06 -9.853255411645887925e-07
7.500000000000000000e+00 1.850000000000000000e+01 2.968620060450069951e-05 2.308765172034798425e-05 -4.201206082464661462e-06 3.665439858066106732e-06 -4.375370674603575978e-06 -9.853255411645892161e-07 5.393144935165567127e-06 -1.241582613808179791e-06
7.500000000000000000e+00 1.950000000000000000e+01 3.256988559728835270e-05 2.177870794864515534e-05 -4.414854820137586822e-06 2.726092425674350865e-06 -4.680583156993463783e-06 -9.853255411645913336e-07 4.011036090515957051e-06 -1.376304929597486925e-06
8.500000000000000000e+00 1.050000000000000000e+01 -2.746223904679893907e-05 2.726380275531162226e-05 -6.301903310790282699e-07 1.927035772986893007e-06 1.149051551141840588e-06 -1.241582613808183391e-06 2.835344084584265561e-06 1.376304929597492642e-06
8.500000000000000000e+00 1.150000000000000000e+01 -2.457855405401129605e-05 2.857274652701445795e-05 -8.438390687519449476e-07 2.866383205378646757e-06 8.438390687519449476e-07 -1.241582613808174497e-06 4.217452929233873096e-06 1.241582613808174497e-06
8.500000000000000000e+00 1.250000000000000000e+01 -1.909345924734482912e-05 2.968620060450084182e-05 -1.250223117076087923e-06 3.665439858066105038e-06 2.632904282889034446e-07 -1.241582613808186567e-06 5.393144935165564586e-06 9.853255411645938747e-07
8.500000000000000000e+00 1.350000000000000000e+01 -1.154387392337876696e-05 3.049517234477568006e-05 -1.809562773957305162e-06 4.245988498529155117e-06 -5.357662243985602359e-07 -1.241582613808180215e-06 6.247335177310873279e-06 6.326179393850794397e-07
8.500000000000000000e+00 1.450000000000000000e+01 -2.668804094676892824e-06 3.092047395746330511e-05 -2.467105976631532236e-06 4.551200980919042075e-06 -1.475113656790311868e-06 -1.241582613808181273e-06 6.696409563275234062e-06 2.179852859901989367e-07
8.500000000000000000e+00 1.550000000000000000e+01 6.662996567679918775e-06 3.092047395746331189e-05 -3.158487815048124888e-06 4.551200980919041228e-06 -2.462801997385445620e-06 -1.241582613808180426e-06 6.696409563275232368e-06 -2.179852859901968192e-07
8.500000000000000000e+00 1.650000000000000000e+01 1.553806639638180011e-05 3.049517234477567328e-05 -3.816031017722350268e-06 4.245988498529151729e-06 -3.402149429777202334e-06 -1.241582613808176826e-06 6.247335177310869043e-06 -6.326179393850828278e-07
8.500000000000000000e+00 1.750000000000000000e+01 2.308765172034785211e-05 2.968620060450083165e-05 -4.375370674603575131e-06 3.665439858066107579e-06 -4.201206082464653839e-06 -1.241582613808184661e-06 5.393144935165568821e-06 -9.853255411645818045e-07
8.500000000000000000e+00 1.850000000000000000e+01 2.857274652701432920e-05 2.857274652701445117e-05 -4.781754722927707306e-06 2.866383205378646757e-06 -4.781754722927707306e-06 -1.241582613808179791e-06 4.217452929233873096e-06 -1.241582613808179791e-06
8.500000000000000000e+00 1.950000000000000000e+01 3.145643151980197222e-05 2.726380275531161548e-05 -4.995403460600637748e-06 1.927035772986893007e-06 -5.086967205317603581e-06 -1.241582613808182544e-06 2.835344084584265561e-06 -1.376304929597490101e-06
9.500000000000000000e+00 1.050000000000000000e+01 -2.877118281850177476e-05 3.014748774809926528e-05 -9.354028134689189335e-07 9.876883405951394693e-07 9.354028134689189335e-07 -1.376304929597494125e-06 1.453235239934658661e-06 1.376304929597494125e-06
9.500000000000000000e+00 1.150000000000000000e+01 -2.588749782571412157e-05 3.145643151980209419e-05 -1.149051551141838682e-06 1.927035772986891313e-06 6.301903310790367402e-07 -1.376304929597496242e-06 2.835344084584263019e-06 1.241582613808189532e-06
9.500000000000000000e+00 1.250000000000000000e+01 -2.040240301904765804e-05 3.256988559728848145e-05 -1.555435599465961752e-06 2.726092425674350441e-06 4.964169061597840245e-08 -1.376304929597480784e-06 4.011036090515956204e-06 9.853255411645822280e-07
9.500000000000000000e+00 1.350000000000000000e+01 -1.285281769508159926e-05 3.337885733756332647e-05 -2.114775256347187884e-06 3.306641066137397556e-06 -7.494149620714805135e-07 -1.376304929597485019e-06 4.865226332661260661e-06 6.326179393850773221e-07
9.500000000000000000e+00 1.450000000000000000e+01 -3.977747866379722159e-06 3.380415895025096169e-05 -2.772318459021419194e-06 3.611853548527289596e-06 -1.688762394463236381e-06 -1.376304929597486925e-06 5.314300718625628221e-06 2.179852859901956545e-07
9.500000000000000000e+00 1.550000000000000000e+01 5.354052795977092405e-06 3.380415895025096169e-05 -3.463700297438022010e-06 3.611853548527287902e-06 -2.676450735058366745e-06 -1.376304929597496877e-06 5.314300718625626527e-06 -2.179852859901913134e-07
9.500000000000000000e+00 1.650000000000000000e+01 1.422912262467897459e-05 3.337885733756331969e-05 -4.121243500112238920e-06 3.306641066137400944e-06 -3.615798167450125153e-06 -1.376304929597485019e-06 4.865226332661265743e-06 -6.326179393850836749e-07
9.500000000000000000e+00 1.750000000000000000e+01 2.177870794864502998e-05 3.256988559728848823e-05 -4.680583156993458700e-06 2.726092425674350441e-06 -4.414854820137578352e-06 -1.376304929597487772e-06 4.011036090515956204e-06 -9.853255411645870985e-07
9.500000000000000000e+00 1.850000000000000000e+01 2.726380275531149012e-05 3.145643151980209419e-05 -5.086967205317593417e-06 1.927035772986893007e-06 -4.995403460600627584e-06 -1.376304929597487348e-06 2.835344084584265561e-06 -1.241582613808179791e-06
9.500000000000000000e+00 1.950000000000000000e+01 3.014748774809915009e-05 3.014748774809927206e-05 -5.300615942990512848e-06 9.876883405951411634e-07 -5.300615942990523012e-06 -1.376304929597481207e-06 1.453235239934661202e-06 -1.376304929597496030e-06
