1.050000000000000000e+01 1.050000000000000000e+01 -3.014748774809927206e-05 3.014748774809927206e-05 -9.354028134689155454e-07 0.000000000000000000e+00 9.354028134689155454e-07 -1.376304929597489254e-06 0.000000000000000000e+00 1.376304929597489254e-06
1.050000000000000000e+01 1.150000000000000000e+01 -2.726380275531161548e-05 3.145643151980209419e-05 -1.149051551141838258e-06 9.393474323917503617e-07 6.301903310790339874e-07 -1.376304929597493913e-06 1.382108844649602241e-06 1.241582613808186779e-06
1.050000000000000000e+01 1.250000000000000000e+01 -2.177870794864514178e-05 3.256988559728848145e-05 -1.555435599465964504e-06 1.738404085079216054e-06 4.964169061597903772e-08 -1.376304929597483537e-06 2.557800850581304954e-06 9.853255411645845574e-07
1.050000000000000000e+01 1.350000000000000000e+01 -1.422912262467908809e-05 3.337885733756331969e-05 -2.114775256347191696e-06 2.318952725542259145e-06 -7.494149620714778665e-07 -1.376304929597490101e-06 3.411991092726603483e-06 6.326179393850820867e-07
1.050000000000000000e+01 1.450000000000000000e+01 -5.354052795977212683e-06 3.380415895025094814e-05 -2.772318459021417923e-06 2.624165207932152456e-06 -1.688762394463235110e-06 -1.376304929597486713e-06 3.861065478690973584e-06 2.179852859901959721e-07
1.050000000000000000e+01 1.550000000000000000e+01 3.977747866379603574e-06 3.380415895025096169e-05 -3.463700297438016928e-06 2.624165207932150762e-06 -2.676450735058368439e-06 -1.376304929597491584e-06 3.861065478690971042e-06 -2.179852859901956545e-07
1.050000000000000000e+01 1.650000000000000000e+01 1.285281769508147729e-05 3.337885733756331969e-05 -4.121243500112240614e-06 2.318952725542262533e-06 -3.615798167450113295e-06 -1.376304929597493489e-06 3.411991092726608565e-06 -6.326179393850725576e-07
1.050000000000000000e+01 1.750000000000000000e+01 2.040240301904753267e-05 3.256988559728847467e-05 -4.680583156993460395e-06 1.738404085079211819e-06 -4.414854820137580046e-06 -1.376304929597488195e-06 2.557800850581299025e-06 -9.853255411645875220e-07
1.050000000000000000e+01 1.850000000000000000e+01 2.588749782571399960e-05 3.145643151980210097e-05 -5.086967205317588335e-06 9.393474323917561851e-07 -4.995403460600629278e-06 -1.376304929597482054e-06 1.382108844649610712e-06 -1.241582613808184238e-06
1.050000000000000000e+01 1.950000000000000000e+01 2.877118281850165278e-05 3.014748774809926189e-05 -5.300615942990517930e-06 1.662315665301345123e-21 -5.300615942990521318e-06 -1.376304929597486501e-06 2.445848154141134728e-21 -1.376304929597491584e-06
1.150000000000000000e+01 1.050000000000000000e+01 -3.145643151980208064e-05 2.726380275531162565e-05 -6.301903310790361049e-07 -9.393474323917536440e-07 1.149051551141836141e-06 -1.241582613808187203e-06 -1.382108844649606900e-06 1.376304929597493489e-06
1.150000000000000000e+01 1.150000000000000000e+01 -2.857274652701445117e-05 2.857274652701445795e-05 -8.438390687519483357e-07 0.000000000000000000e+00 8.438390687519483357e-07 -1.241582613808179367e-06 0.000000000000000000e+00 1.241582613808179367e-06
1.150000000000000000e+01 1.250000000000000000e+01 -2.308765172034798425e-05 2.968620060450084182e-05 -1.250223117076080723e-06 7.990566526874624100e-07 2.632904282889036563e-07 -1.241582613808180426e-06 1.175692005931698055e-06 9.853255411645898513e-07
1.150000000000000000e+01 1.350000000000000000e+01 -1.553806639638192547e-05 3.049517234477567328e-05 -1.809562773957303044e-06 1.379605293150507936e-06 -5.357662243985615065e-07 -1.241582613808177673e-06 2.029882248077000183e-06 6.326179393850771104e-07
1.150000000000000000e+01 1.450000000000000000e+01 -6.662996567680043289e-06 3.092047395746330511e-05 -2.467105976631529271e-06 1.684817775540395530e-06 -1.475113656790308904e-06 -1.241582613808180426e-06 2.478956634041361390e-06 2.179852859901996779e-07
1.150000000000000000e+01 1.550000000000000000e+01 2.668804094676774240e-06 3.092047395746331189e-05 -3.158487815048125312e-06 1.684817775540396377e-06 -2.462801997385452820e-06 -1.241582613808176615e-06 2.478956634041362660e-06 -2.179852859902027484e-07
1.150000000000000000e+01 1.650000000000000000e+01 1.154387392337865515e-05 3.049517234477567328e-05 -3.816031017722351963e-06 1.379605293150507513e-06 -3.402149429777196829e-06 -1.241582613808181273e-06 2.029882248076999759e-06 -6.326179393850773221e-07
1.150000000000000000e+01 1.750000000000000000e+01 1.909345924734470715e-05 2.968620060450084182e-05 -4.375370674603570896e-06 7.990566526874574337e-07 -4.201206082464658074e-06 -1.241582613808177462e-06 1.175692005931690643e-06 -9.853255411645890043e-07
1.150000000000000000e+01 1.850000000000000000e+01 2.457855405401117408e-05 2.857274652701446134e-05 -4.781754722927709847e-06 0.000000000000000000e+00 -4.781754722927709847e-06 -1.241582613808180426e-06 0.000000000000000000e+00 -1.241582613808180426e-06
1.150000000000000000e+01 1.950000000000000000e+01 2.746223904679882726e-05 2.726380275531161887e-05 -4.995403460600628431e-06 -9.393474323917512087e-07 -5.086967205317594264e-06 -1.241582613808180003e-06 -1.382108844649603512e-06 -1.376304929597487560e-06
1.250000000000000000e+01 1.050000000000000000e+01 -3.256988559728847467e-05 2.177870794864515872e-05 -4.964169061598126118e-08 -1.738404085079214360e-06 1.555435599465968951e-06 -9.853255411645892161e-07 -2.557800850581302413e-06 1.376304929597488619e-06
1.250000000000000000e+01 1.150000000000000000e+01 -2.968620060450082826e-05 2.308765172034798764e-05 -2.632904282889084209e-07 -7.990566526874574337e-07 1.250223117076079452e-06 -9.853255411645932395e-07 -1.175692005931690643e-06 1.241582613808182120e-06
1.250000000000000000e+01 1.250000000000000000e+01 -2.420110579783437150e-05 2.420110579783437150e-05 -6.696744766130328673e-07 0.000000000000000000e+00 6.696744766130328673e-07 -9.853255411645860397e-07 0.000000000000000000e+00 9.853255411645860397e-07
1.250000000000000000e+01 1.350000000000000000e+01 -1.665152047386830934e-05 2.501007753810920975e-05 -1.229014133494257200e-06 5.805486404630479616e-07 -1.293821760744208606e-07 -9.853255411645919689e-07 8.541902421453058340e-07 6.326179393850845219e-07
1.250000000000000000e+01 1.450000000000000000e+01 -7.776450645166426310e-06 2.543537915079684836e-05 -1.886557336168482369e-06 8.857611228529372488e-07 -1.068729608466183716e-06 -9.853255411645843456e-07 1.303264628109669476e-06 2.179852859901929546e-07
1.250000000000000000e+01 1.550000000000000000e+01 1.555350017190390795e-06 2.543537915079684158e-05 -2.577939174585079468e-06 8.857611228529365077e-07 -2.056417949061312174e-06 -9.853255411645906984e-07 1.303264628109668417e-06 -2.179852859901954957e-07
1.250000000000000000e+01 1.650000000000000000e+01 1.043041984589226959e-05 2.501007753810920636e-05 -3.235482377259306966e-06 5.805486404630479616e-07 -2.995765381453062536e-06 -9.853255411645926042e-07 8.541902421453058340e-07 -6.326179393850746751e-07
1.250000000000000000e+01 1.750000000000000000e+01 1.798000516985831990e-05 2.420110579783437828e-05 -3.794822034140523781e-06 0.000000000000000000e+00 -3.794822034140523781e-06 -9.853255411645875220e-07 0.000000000000000000e+00 -9.853255411645875220e-07
1.250000000000000000e+01 1.850000000000000000e+01 2.346509997652478682e-05 2.308765172034798764e-05 -4.201206082464661462e-06 -7.990566526874578572e-07 -4.375370674603577672e-06 -9.853255411645881573e-07 -1.175692005931691278e-06 -1.241582613808181273e-06
1.250000000000000000e+01 1.950000000000000000e+01 2.634878496931242984e-05 2.177870794864516211e-05 -4.414854820137583434e-06 -1.738404085079211819e-06 -4.680583156993462089e-06 -9.853255411645894278e-07 -2.557800850581299025e-06 -1.376304929597487560e-06
1.350000000000000000e+01 1.050000000000000000e+01 -3.337885733756330614e-05 1.422912262467910503e-05 7.494149620714879251e-07 -2.318952725542259992e-06 2.114775256347191696e-06 -6.326179393850732987e-07 -3.411991092726604753e-06 1.376304929597483960e-06
1.350000000000000000e+01 1.150000000000000000e+01 -3.049517234477565973e-05 1.553806639638193903e-05 5.357662243985560008e-07 -1.379605293150505395e-06 1.809562773957299232e-06 -6.326179393850796515e-07 -2.029882248076996371e-06 1.241582613808177673e-06
1.350000000000000000e+01 1.250000000000000000e+01 -2.501007753810919620e-05 1.665152047386831951e-05 1.293821760744275310e-07 -5.805486404630479616e-07 1.229014133494250424e-06 -6.326179393850746751e-07 -8.541902421453058340e-07 9.853255411645820163e-07
1.350000000000000000e+01 1.350000000000000000e+01 -1.746049221414313403e-05 1.746049221414314759e-05 -4.299574808067908726e-07 0.000000000000000000e+00 4.299574808067908726e-07 -6.326179393850719223e-07 0.000000000000000000e+00 6.326179393850719223e-07
1.350000000000000000e+01 1.450000000000000000e+01 -8.585422385441259473e-06 1.788579382683078619e-05 -1.087500683481021759e-06 3.052124823898901872e-07 -5.093899515849510188e-07 -6.326179393850818749e-07 4.490743859643650185e-07 2.179852859902018219e-07
1.350000000000000000e+01 1.550000000000000000e+01 7.463782769155564669e-07 1.788579382683078958e-05 -1.778882521897620552e-06 3.052124823898885460e-07 -1.497078292180092606e-06 -6.326179393850815573e-07 4.490743859643625833e-07 -2.179852859901970044e-07
1.350000000000000000e+01 1.650000000000000000e+01 9.621448105617436429e-06 1.746049221414315098e-05 -2.436425724571847838e-06 -6.233683744880044211e-22 -2.436425724571844450e-06 -6.326179393850825102e-07 -9.171930578029255699e-22 -6.326179393850776397e-07
1.350000000000000000e+01 1.750000000000000000e+01 1.717103342958348504e-05 1.665152047386832289e-05 -2.995765381453068041e-06 -5.805486404630479616e-07 -3.235482377259307389e-06 -6.326179393850792279e-07 -8.541902421453058340e-07 -9.853255411645898513e-07
1.350000000000000000e+01 1.850000000000000000e+01 2.265612823624996213e-05 1.553806639638193564e-05 -3.402149429777198523e-06 -1.379605293150507936e-06 -3.816031017722353657e-06 -6.326179393850777456e-07 -2.029882248077000183e-06 -1.241582613808181697e-06
1.350000000000000000e+01 1.950000000000000000e+01 2.553981322903760515e-05 1.422912262467909995e-05 -3.615798167450120494e-06 -2.318952725542258298e-06 -4.121243500112238920e-06 -6.326179393850798632e-07 -3.411991092726602636e-06 -1.376304929597487560e-06
1.450000000000000000e+01 1.050000000000000000e+01 -3.380415895025094814e-05 5.354052795977226236e-06 1.688762394463235957e-06 -2.624165207932150762e-06 2.772318459021418770e-06 -2.179852859901957604e-07 -3.861065478690971042e-06 1.376304929597486713e-06
1.450000000000000000e+01 1.150000000000000000e+01 -3.092047395746331189e-05 6.662996567680061076e-06 1.475113656790313562e-06 -1.684817775540396377e-06 2.467105976631529695e-06 -2.179852859901959721e-07 -2.478956634041362660e-06 1.241582613808177885e-06
1.450000000000000000e+01 1.250000000000000000e+01 -2.543537915079682803e-05 7.776450645166438168e-06 1.068729608466179269e-06 -8.857611228529356606e-07 1.886557336168479616e-06 -2.179852859901950192e-07 -1.303264628109667147e-06 9.853255411645845574e-07
1.450000000000000000e+01 1.350000000000000000e+01 -1.788579382683077264e-05 8.585422385441267943e-06 5.093899515849552539e-07 -3.052124823898876990e-07 1.087500683481022606e-06 -2.179852859901986720e-07 -4.490743859643613656e-07 6.326179393850800750e-07
1.450000000000000000e+01 1.450000000000000000e+01 -9.010723998128899773e-06 9.010723998128908243e-06 -1.481532510892681146e-07 0.000000000000000000e+00 1.481532510892721909e-07 -2.179852859901971633e-07 0.000000000000000000e+00 2.179852859901982221e-07
1.450000000000000000e+01 1.550000000000000000e+01 3.210766642279131494e-07 9.010723998128911631e-06 -8.395350895058661666e-07 6.233683744880044211e-22 -8.395350895058687077e-07 -2.179852859901967398e-07 9.171930578029255699e-22 -2.179852859902003926e-07
1.450000000000000000e+01 1.650000000000000000e+01 9.196146492929796129e-06 8.585422385441273025e-06 -1.497078292180094511e-06 -3.052124823898899754e-07 -1.778882521897619916e-06 -2.179852859901990162e-07 -4.490743859643647008e-07 -6.326179393850798632e-07
1.450000000000000000e+01 1.750000000000000000e+01 1.674573181689584643e-05 7.776450645166438168e-06 -2.056417949061312597e-06 -8.857611228529365077e-07 -2.577939174585077350e-06 -2.179852859901970839e-07 -1.303264628109668417e-06 -9.853255411645885808e-07
1.450000000000000000e+01 1.850000000000000000e+01 2.223082662356232013e-05 6.662996567680060229e-06 -2.462801997385439691e-06 -1.684817775540393835e-06 -3.158487815048121500e-06 -2.179852859901940663e-07 -2.478956634041358849e-06 -1.241582613808180850e-06
1.450000000000000000e+01 1.950000000000000000e+01 2.511451161634996315e-05 5.354052795977223695e-06 -2.676450735058368015e-06 -2.624165207932149915e-06 -3.463700297438013964e-06 -2.179852859901970309e-07 -3.861065478690969348e-06 -1.376304929597489254e-06
1.550000000000000000e+01 1.050000000000000000e+01 -3.380415895025094814e-05 -3.977747866379588327e-06 2.676450735058367592e-06 -2.624165207932149915e-06 3.463700297438015234e-06 2.179852859901957604e-07 -3.861065478690969348e-06 1.376304929597490525e-06
1.550000000000000000e+01 1.150000000000000000e+01 -3.092047395746330511e-05 -2.668804094676758569e-06 2.462801997385451549e-06 -1.684817775540395530e-06 3.158487815048124041e-06 2.179852859902027484e-07 -2.478956634041361390e-06 1.241582613808175768e-06
1.550000000000000000e+01 1.250000000000000000e+01 -2.543537915079683141e-05 -1.555350017190375548e-06 2.056417949061317256e-06 -8.857611228529365077e-07 2.577939174585078621e-06 2.179852859902001544e-07 -1.303264628109668417e-06 9.853255411645870985e-07
1.550000000000000000e+01 1.350000000000000000e+01 -1.788579382683077264e-05 -7.463782769155418556e-07 1.497078292180091970e-06 -3.052124823898893401e-07 1.778882521897619916e-06 2.179852859901965545e-07 -4.490743859643637479e-07 6.326179393850817690e-07
1.550000000000000000e+01 1.450000000000000000e+01 -9.010723998128896385e-06 -3.210766642279053144e-07 8.395350895058661666e-07 -2.077894581626681404e-22 8.395350895058661666e-07 2.179852859901982485e-07 -3.057310192676418410e-22 2.179852859901982485e-07
1.550000000000000000e+01 1.550000000000000000e+01 3.210766642279159023e-07 -3.210766642279034086e-07 1.481532510892711057e-07 5.194736454066703509e-22 -1.481532510892696234e-07 2.179852859901981691e-07 7.643275481691045789e-22 -2.179852859901977985e-07
1.550000000000000000e+01 1.650000000000000000e+01 9.196146492929797823e-06 -7.463782769155434438e-07 -5.093899515849583244e-07 -3.052124823898901872e-07 -1.087500683481023029e-06 2.179852859901962898e-07 -4.490743859643650185e-07 -6.326179393850784868e-07
1.550000000000000000e+01 1.750000000000000000e+01 1.674573181689584643e-05 -1.555350017190373219e-06 -1.068729608466179693e-06 -8.857611228529360841e-07 -1.886557336168480463e-06 2.179852859901954957e-07 -1.303264628109667782e-06 -9.853255411645854044e-07
1.550000000000000000e+01 1.850000000000000000e+01 2.223082662356231674e-05 -2.668804094676760264e-06 -1.475113656790312715e-06 -1.684817775540396377e-06 -2.467105976631530542e-06 2.179852859901969250e-07 -2.478956634041362660e-06 -1.241582613808178944e-06
1.550000000000000000e+01 1.950000000000000000e+01 2.511451161634996993e-05 -3.977747866379592563e-06 -1.688762394463230452e-06 -2.624165207932149915e-06 -2.772318459021418347e-06 2.179852859902002073e-07 -3.861065478690969348e-06 -1.376304929597489678e-06
1.650000000000000000e+01 1.050000000000000000e+01 -3.337885733756331292e-05 -1.285281769508147051e-05 3.615798167450125153e-06 -2.318952725542262533e-06 4.121243500112240614e-06 6.326179393850826161e-07 -3.411991092726608565e-06 1.376304929597486501e-06
1.650000000000000000e+01 1.150000000000000000e+01 -3.049517234477565973e-05 -1.154387392337863821e-05 3.402149429777204029e-06 -1.379605293150506242e-06 3.816031017722349421e-06 6.326179393850853689e-07 -2.029882248076997642e-06 1.241582613808174497e-06
1.650000000000000000e+01 1.250000000000000000e+01 -2.501007753810919620e-05 -1.043041984589225265e-05 2.995765381453066347e-06 -5.805486404630475381e-07 3.235482377259303154e-06 6.326179393850801808e-07 -8.541902421453051988e-07 9.853255411645870985e-07
1.650000000000000000e+01 1.350000000000000000e+01 -1.746049221414314081e-05 -9.621448105617421182e-06 2.436425724571845297e-06 4.155789163253362807e-22 2.436425724571846144e-06 6.326179393850793338e-07 6.114620385352836819e-22 6.326179393850806044e-07
1.650000000000000000e+01 1.450000000000000000e+01 -8.585422385441264555e-06 -9.196146492929782576e-06 1.778882521897622881e-06 3.052124823898891284e-07 1.497078292180093664e-06 6.326179393850832513e-07 4.490743859643634832e-07 2.179852859901962104e-07
1.650000000000000000e+01 1.550000000000000000e+01 7.463782769155553023e-07 -9.196146492929785964e-06 1.087500683481024935e-06 3.052124823898895519e-07 5.093899515849575833e-07 6.326179393850806044e-07 4.490743859643640656e-07 -2.179852859901980897e-07
1.650000000000000000e+01 1.650000000000000000e+01 9.621448105617433041e-06 -9.621448105617424570e-06 4.299574808067970665e-07 0.000000000000000000e+00 -4.299574808067929372e-07 6.326179393850784868e-07 0.000000000000000000e+00 -6.326179393850774280e-07
1.650000000000000000e+01 1.750000000000000000e+01 1.717103342958348504e-05 -1.043041984589225435e-05 -1.293821760744205430e-07 -5.805486404630479616e-07 -1.229014133494257624e-06 6.326179393850850513e-07 -8.541902421453058340e-07 -9.853255411645923924e-07
1.650000000000000000e+01 1.850000000000000000e+01 2.265612823624995535e-05 -1.154387392337863991e-05 -5.357662243985598124e-07 -1.379605293150506242e-06 -1.809562773957304738e-06 6.326179393850796515e-07 -2.029882248076997642e-06 -1.241582613808180003e-06
1.650000000000000000e+01 1.950000000000000000e+01 2.553981322903760515e-05 -1.285281769508147051e-05 -7.494149620714770195e-07 -2.318952725542260839e-06 -2.114775256347192543e-06 6.326179393850833572e-07 -3.411991092726606024e-06 -1.376304929597491372e-06
1.750000000000000000e+01 1.050000000000000000e+01 -3.256988559728846112e-05 -2.040240301904752251e-05 4.414854820137586822e-06 -1.738404085079214783e-06 4.680583156993463783e-06 9.853255411645913336e-07 -2.557800850581303260e-06 1.376304929597486925e-06
1.750000000000000000e+01 1.150000000000000000e+01 -2.968620060450081471e-05 -1.909345924734469360e-05 4.201206082464658921e-06 -7.990566526874574337e-07 4.375370674603580213e-06 9.853255411645832868e-07 -1.175692005931690643e-06 1.241582613808186144e-06
1.750000000000000000e+01 1.250000000000000000e+01 -2.420110579783436134e-05 -1.798000516985830973e-05 3.794822034140524628e-06 0.000000000000000000e+00 3.794822034140524628e-06 9.853255411645877337e-07 0.000000000000000000e+00 9.853255411645877337e-07
1.750000000000000000e+01 1.350000000000000000e+01 -1.665152047386830934e-05 -1.717103342958347149e-05 3.235482377259306542e-06 5.805486404630479616e-07 2.995765381453070582e-06 9.853255411645877337e-07 8.541902421453058340e-07 6.326179393850818749e-07
1.750000000000000000e+01 1.450000000000000000e+01 -7.776450645166424616e-06 -1.674573181689583627e-05 2.577939174585077774e-06 8.857611228529356606e-07 2.056417949061312174e-06 9.853255411645892161e-07 1.303264628109667147e-06 2.179852859901965015e-07
1.750000000000000000e+01 1.550000000000000000e+01 1.555350017190386983e-06 -1.674573181689583627e-05 1.886557336168483427e-06 8.857611228529360841e-07 1.068729608466175034e-06 9.853255411645906984e-07 1.303264628109667782e-06 -2.179852859902012131e-07
1.750000000000000000e+01 1.650000000000000000e+01 1.043041984589226451e-05 -1.717103342958347826e-05 1.229014133494257200e-06 5.805486404630479616e-07 1.293821760744208606e-07 9.853255411645919689e-07 8.541902421453058340e-07 -6.326179393850845219e-07
1.750000000000000000e+01 1.750000000000000000e+01 1.798000516985831651e-05 -1.798000516985831312e-05 6.696744766130378436e-07 0.000000000000000000e+00 -6.696744766130378436e-07 9.853255411645934512e-07 0.000000000000000000e+00 -9.853255411645934512e-07
1.750000000000000000e+01 1.850000000000000000e+01 2.346509997652478682e-05 -1.909345924734469021e-05 2.632904282888964566e-07 -7.990566526874582807e-07 -1.250223117076079876e-06 9.853255411645830751e-07 -1.175692005931691914e-06 -1.241582613808175344e-06
1.750000000000000000e+01 1.950000000000000000e+01 2.634878496931244000e-05 -2.040240301904752929e-05 4.964169061597977888e-08 -1.738404085079211819e-06 -1.555435599465970222e-06 9.853255411645887925e-07 -2.557800850581299025e-06 -1.376304929597489042e-06
1.850000000000000000e+01 1.050000000000000000e+01 -3.145643151980209419e-05 -2.588749782571398266e-05 4.995403460600639442e-06 -9.393474323917561851e-07 5.086967205317595111e-06 1.241582613808188897e-06 -1.382108844649610712e-06 1.376304929597481631e-06
1.850000000000000000e+01 1.150000000000000000e+01 -2.857274652701444439e-05 -2.457855405401115713e-05 4.781754722927705612e-06 -8.311578326506725615e-22 4.781754722927703918e-06 1.241582613808180426e-06 -1.222924077070567364e-21 1.241582613808177885e-06
1.850000000000000000e+01 1.250000000000000000e+01 -2.308765172034797408e-05 -2.346509997652477327e-05 4.375370674603575131e-06 7.990566526874578572e-07 4.201206082464658921e-06 1.241582613808180426e-06 1.175692005931691278e-06 9.853255411645873102e-07
1.850000000000000000e+01 1.350000000000000000e+01 -1.553806639638192547e-05 -2.265612823624994180e-05 3.816031017722353657e-06 1.379605293150505819e-06 3.402149429777197252e-06 1.241582613808182756e-06 2.029882248076997218e-06 6.326179393850764751e-07
1.850000000000000000e+01 1.450000000000000000e+01 -6.662996567680043289e-06 -2.223082662356230658e-05 3.158487815048127853e-06 1.684817775540396377e-06 2.462801997385448585e-06 1.241582613808181273e-06 2.478956634041362660e-06 2.179852859901976662e-07
1.850000000000000000e+01 1.550000000000000000e+01 2.668804094676774663e-06 -2.223082662356230658e-05 2.467105976631530118e-06 1.684817775540395106e-06 1.475113656790311445e-06 1.241582613808179579e-06 2.478956634041360966e-06 -2.179852859901980897e-07
1.850000000000000000e+01 1.650000000000000000e+01 1.154387392337864838e-05 -2.265612823624994180e-05 1.809562773957298809e-06 1.379605293150505395e-06 5.357662243985605536e-07 1.241582613808174709e-06 2.029882248076996371e-06 -6.326179393850754163e-07
1.850000000000000000e+01 1.750000000000000000e+01 1.909345924734470376e-05 -2.346509997652478004e-05 1.250223117076076064e-06 7.990566526874590218e-07 -2.632904282889018564e-07 1.241582613808175132e-06 1.175692005931692972e-06 -9.853255411645854044e-07
1.850000000000000000e+01 1.850000000000000000e+01 2.457855405401117069e-05 -2.457855405401116391e-05 8.438390687519425124e-07 0.000000000000000000e+00 -8.438390687519507709e-07 1.241582613808175979e-06 0.000000000000000000e+00 -1.241582613808178097e-06
1.850000000000000000e+01 1.950000000000000000e+01 2.746223904679882387e-05 -2.588749782571399282e-05 6.301903310790305992e-07 -9.393474323917536440e-07 -1.149051551141834870e-06 1.241582613808181909e-06 -1.382108844649606900e-06 -1.376304929597489042e-06
1.950000000000000000e+01 1.050000000000000000e+01 -3.014748774809926189e-05 -2.877118281850163923e-05 5.300615942990519624e-06 -8.311578326506725615e-22 5.300615942990519624e-06 1.376304929597489042e-06 -1.222924077070567364e-21 1.376304929597489042e-06
1.950000000000000000e+01 1.150000000000000000e+01 -2.726380275531159854e-05 -2.746223904679880693e-05 5.086967205317595111e-06 9.393474323917503617e-07 4.995403460600630972e-06 1.376304929597486713e-06 1.382108844649602241e-06 1.241582613808181697e-06
1.950000000000000000e+01 1.250000000000000000e+01 -2.177870794864514856e-05 -2.634878496931242306e-05 4.680583156993464630e-06 1.738404085079211819e-06 4.414854820137585975e-06 1.376304929597488195e-06 2.557800850581299025e-06 9.853255411645900631e-07
1.950000000000000000e+01 1.350000000000000000e+01 -1.422912262467908979e-05 -2.553981322903759160e-05 4.121243500112241461e-06 2.318952725542259569e-06 3.615798167450129388e-06 1.376304929597484596e-06 3.411991092726604330e-06 6.326179393850856866e-07
1.950000000000000000e+01 1.450000000000000000e+01 -5.354052795977211836e-06 -2.511451161634994960e-05 3.463700297438013117e-06 2.624165207932149491e-06 2.676450735058373097e-06 1.376304929597485443e-06 3.861065478690968501e-06 2.179852859902019014e-07
1.950000000000000000e+01 1.550000000000000000e+01 3.977747866379604421e-06 -2.511451161634995638e-05 2.772318459021419617e-06 2.624165207932149915e-06 1.688762394463235110e-06 1.376304929597487984e-06 3.861065478690969348e-06 -2.179852859901970309e-07
1.950000000000000000e+01 1.650000000000000000e+01 1.285281769508148068e-05 -2.553981322903759837e-05 2.114775256347192967e-06 2.318952725542260839e-06 7.494149620714825252e-07 1.376304929597488195e-06 3.411991092726606024e-06 -6.326179393850788044e-07
1.950000000000000000e+01 1.750000000000000000e+01 2.040240301904754284e-05 -2.634878496931242645e-05 1.555435599465969798e-06 1.738404085079212666e-06 -4.964169061598030827e-08 1.376304929597488831e-06 2.557800850581299872e-06 -9.853255411645890043e-07
1.950000000000000000e+01 1.850000000000000000e+01 2.588749782571400637e-05 -2.746223904679881710e-05 1.149051551141834870e-06 9.393474323917503617e-07 -6.301903310790305992e-07 1.376304929597489042e-06 1.382108844649602241e-06 -1.241582613808181909e-06
1.950000000000000000e+01 1.950000000000000000e+01 2.877118281850165278e-05 -2.877118281850165278e-05 9.354028134689146983e-07 0.000000000000000000e+00 -9.354028134689064398e-07 1.376304929597482901e-06 0.000000000000000000e+00 -1.376304929597480784e-06
