5.000000000000000000e-01 5.000000000000000000e-01 3.014748774809912976e-05 -3.014748774809913653e-05 9.354028134689135337e-07 0.000000000000000000e+00 -9.354028134689175571e-07 1.376304929597488619e-06 0.000000000000000000e+00 -1.376304929597489889e-06
5.000000000000000000e-01 1.500000000000000000e+00 2.726380275531149351e-05 -3.145643151980195867e-05 1.149051551141834447e-06 -9.393474323917536440e-07 -6.301903310790344109e-07 1.376304929597490948e-06 -1.382108844649606900e-06 -1.241582613808185085e-06
5.000000000000000000e-01 2.500000000000000000e+00 2.177870794864502998e-05 -3.256988559728833915e-05 1.555435599465969798e-06 -1.738404085079212666e-06 -4.964169061598030827e-08 1.376304929597488831e-06 -2.557800850581299872e-06 -9.853255411645890043e-07
5.000000000000000000e-01 3.500000000000000000e+00 1.422912262467897798e-05 -3.337885733756317739e-05 2.114775256347187461e-06 -2.318952725542262533e-06 7.494149620714902544e-07 1.376304929597478666e-06 -3.411991092726608565e-06 -6.326179393850687459e-07
5.000000000000000000e-01 4.500000000000000000e+00 5.354052795977095793e-06 -3.380415895025081939e-05 2.772318459021419194e-06 -2.624165207932146526e-06 1.688762394463226217e-06 1.376304929597493066e-06 -3.861065478690964266e-06 -2.179852859902042307e-07
5.000000000000000000e-01 5.500000000000000000e+00 -3.977747866379719618e-06 -3.380415895025081261e-05 3.463700297438015234e-06 -2.624165207932149915e-06 2.676450735058366745e-06 1.376304929597490948e-06 -3.861065478690969348e-06 2.179852859901951251e-07
5.000000000000000000e-01 6.500000000000000000e+00 -1.285281769508159757e-05 -3.337885733756317062e-05 4.121243500112247391e-06 -2.318952725542261686e-06 3.615798167450123459e-06 1.376304929597493278e-06 -3.411991092726607294e-06 6.326179393850771104e-07
5.000000000000000000e-01 7.500000000000000000e+00 -2.040240301904765804e-05 -3.256988559728833915e-05 4.680583156993470559e-06 -1.738404085079210972e-06 4.414854820137583434e-06 1.376304929597494760e-06 -2.557800850581297755e-06 9.853255411645843456e-07
5.000000000000000000e-01 8.500000000000000000e+00 -2.588749782571412157e-05 -3.145643151980196544e-05 5.086967205317598499e-06 -9.393474323917544910e-07 4.995403460600632666e-06 1.376304929597488619e-06 -1.382108844649608170e-06 1.241582613808181062e-06
5.000000000000000000e-01 9.500000000000000000e+00 -2.877118281850176120e-05 -3.014748774809912976e-05 5.300615942990516236e-06 -1.662315665301345123e-21 5.300615942990519624e-06 1.376304929597486078e-06 -2.445848154141134728e-21 1.376304929597491160e-06
1.500000000000000000e+00 5.000000000000000000e-01 3.145643151980197222e-05 -2.726380275531148673e-05 6.301903310790367402e-07 9.393474323917520558e-07 -1.149051551141838682e-06 1.241582613808189532e-06 1.382108844649604571e-06 -1.376304929597496242e-06
1.500000000000000000e+00 1.500000000000000000e+00 2.857274652701432242e-05 -2.857274652701431565e-05 8.438390687519507709e-07 0.000000000000000000e+00 -8.438390687519425124e-07 1.241582613808178097e-06 0.000000000000000000e+00 -1.241582613808175979e-06
1.500000000000000000e+00 2.500000000000000000e+00 2.308765172034785889e-05 -2.968620060450069951e-05 1.250223117076073523e-06 -7.990566526874590218e-07 -2.632904282889043975e-07 1.241582613808174497e-06 -1.175692005931692972e-06 -9.853255411645860397e-07
1.500000000000000000e+00 3.500000000000000000e+00 1.553806639638181028e-05 -3.049517234477553098e-05 1.809562773957299232e-06 -1.379605293150507936e-06 5.357662243985609771e-07 1.241582613808174709e-06 -2.029882248077000183e-06 -6.326179393850754163e-07
1.500000000000000000e+00 4.500000000000000000e+00 6.662996567679929786e-06 -3.092047395746316281e-05 2.467105976631528848e-06 -1.684817775540396377e-06 1.475113656790308480e-06 1.241582613808180426e-06 -2.478956634041362660e-06 -2.179852859901997838e-07
1.500000000000000000e+00 5.500000000000000000e+00 -2.668804094676887742e-06 -3.092047395746316959e-05 3.158487815048128700e-06 -1.684817775540396377e-06 2.462801997385452820e-06 1.241582613808179367e-06 -2.478956634041362660e-06 2.179852859902007367e-07
1.500000000000000000e+00 6.500000000000000000e+00 -1.154387392337877035e-05 -3.049517234477552421e-05 3.816031017722355351e-06 -1.379605293150507513e-06 3.402149429777197252e-06 1.241582613808184238e-06 -2.029882248076999759e-06 6.326179393850754163e-07
1.500000000000000000e+00 7.500000000000000000e+00 -1.909345924734481896e-05 -2.968620060450070290e-05 4.375370674603575131e-06 -7.990566526874570101e-07 4.201206082464662309e-06 1.241582613808178732e-06 -1.175692005931690008e-06 9.853255411645902748e-07
1.500000000000000000e+00 8.500000000000000000e+00 -2.457855405401128588e-05 -2.857274652701430887e-05 4.781754722927701377e-06 -3.324631330602690246e-21 4.781754722927697989e-06 1.241582613808180215e-06 -4.891696308282269455e-21 1.241582613808175132e-06
1.500000000000000000e+00 9.500000000000000000e+00 -2.746223904679893229e-05 -2.726380275531147318e-05 4.995403460600629278e-06 9.393474323917527969e-07 5.086967205317593417e-06 1.241582613808181273e-06 1.382108844649605841e-06 1.376304929597486290e-06
2.500000000000000000e+00 5.000000000000000000e-01 3.256988559728836625e-05 -2.177870794864501981e-05 4.964169061599142558e-08 1.738404085079212666e-06 -1.555435599465968528e-06 9.853255411645976864e-07 2.557800850581299872e-06 -1.376304929597494548e-06
2.500000000000000000e+00 1.500000000000000000e+00 2.968620060450071645e-05 -2.308765172034784872e-05 2.632904282888976212e-07 7.990566526874574337e-07 -1.250223117076076911e-06 9.853255411645822280e-07 1.175692005931690643e-06 -1.241582613808173650e-06
2.500000000000000000e+00 2.500000000000000000e+00 2.420110579783423937e-05 -2.420110579783423259e-05 6.696744766130343496e-07 1.662315665301345123e-21 -6.696744766130282086e-07 9.853255411645845574e-07 2.445848154141134728e-21 -9.853255411645828633e-07
2.500000000000000000e+00 3.500000000000000000e+00 1.665152047386818737e-05 -2.501007753810906067e-05 1.229014133494250424e-06 -5.805486404630479616e-07 1.293821760744275310e-07 9.853255411645820163e-07 -8.541902421453058340e-07 -6.326179393850746751e-07
2.500000000000000000e+00 4.500000000000000000e+00 7.776450645166304337e-06 -2.543537915079670944e-05 1.886557336168481733e-06 -8.857611228529372488e-07 1.068729608466180116e-06 9.853255411645862514e-07 -1.303264628109669476e-06 -2.179852859901959192e-07
2.500000000000000000e+00 5.500000000000000000e+00 -1.555350017190506838e-06 -2.543537915079669589e-05 2.577939174585077350e-06 -8.857611228529356606e-07 2.056417949061315139e-06 9.853255411645870985e-07 -1.303264628109667147e-06 2.179852859901992544e-07
2.500000000000000000e+00 6.500000000000000000e+00 -1.043041984589238309e-05 -2.501007753810906745e-05 3.235482377259304001e-06 -5.805486404630479616e-07 2.995765381453062959e-06 9.853255411645898513e-07 -8.541902421453058340e-07 6.326179393850768986e-07
2.500000000000000000e+00 7.500000000000000000e+00 -1.798000516985843848e-05 -2.420110579783422243e-05 3.794822034140523781e-06 0.000000000000000000e+00 3.794822034140523781e-06 9.853255411645875220e-07 0.000000000000000000e+00 9.853255411645875220e-07
2.500000000000000000e+00 8.500000000000000000e+00 -2.346509997652490202e-05 -2.308765172034784533e-05 4.201206082464662309e-06 7.990566526874590218e-07 4.375370674603576825e-06 9.853255411645894278e-07 1.175692005931692972e-06 1.241582613808180003e-06
2.500000000000000000e+00 9.500000000000000000e+00 -2.634878496931254504e-05 -2.177870794864501303e-05 4.414854820137586822e-06 1.738404085079213089e-06 4.680583156993463783e-06 9.853255411645913336e-07 2.557800850581300719e-06 1.376304929597486925e-06
3.500000000000000000e+00 5.000000000000000000e-01 3.337885733756319095e-05 -1.422912262467895765e-05 -7.494149620714768078e-07 2.318952725542258298e-06 -2.114775256347190849e-06 6.326179393850824043e-07 3.411991092726602636e-06 -1.376304929597489678e-06
3.500000000000000000e+00 1.500000000000000000e+00 3.049517234477554454e-05 -1.553806639638179334e-05 -5.357662243985531420e-07 1.379605293150507936e-06 -1.809562773957306432e-06 6.326179393850864277e-07 2.029882248077000183e-06 -1.241582613808185508e-06
3.500000000000000000e+00 2.500000000000000000e+00 2.501007753810907084e-05 -1.665152047386818059e-05 -1.293821760744208606e-07 5.805486404630479616e-07 -1.229014133494257200e-06 6.326179393850845219e-07 8.541902421453058340e-07 -9.853255411645919689e-07
3.500000000000000000e+00 3.500000000000000000e+00 1.746049221414301884e-05 -1.746049221414301206e-05 4.299574808067983371e-07 0.000000000000000000e+00 -4.299574808067983371e-07 6.326179393850828278e-07 0.000000000000000000e+00 -6.326179393850828278e-07
3.500000000000000000e+00 4.500000000000000000e+00 8.585422385441142582e-06 -1.788579382683064389e-05 1.087500683481024723e-06 -3.052124823898893401e-07 5.093899515849541952e-07 6.326179393850826161e-07 -4.490743859643637479e-07 -2.179852859902010279e-07
3.500000000000000000e+00 5.500000000000000000e+00 -7.463782769156709223e-07 -1.788579382683064389e-05 1.778882521897619281e-06 -3.052124823898881225e-07 1.497078292180091335e-06 6.326179393850812396e-07 -4.490743859643620009e-07 2.179852859901966868e-07
3.500000000000000000e+00 6.500000000000000000e+00 -9.621448105617544849e-06 -1.746049221414301206e-05 2.436425724571847414e-06 8.311578326506725615e-22 2.436425724571844026e-06 6.326179393850824043e-07 1.222924077070567364e-21 6.326179393850775339e-07
3.500000000000000000e+00 7.500000000000000000e+00 -1.717103342958360362e-05 -1.665152047386817043e-05 2.995765381453069735e-06 5.805486404630479616e-07 3.235482377259305695e-06 6.326179393850816632e-07 8.541902421453058340e-07 9.853255411645873102e-07
3.500000000000000000e+00 8.500000000000000000e+00 -2.265612823625007393e-05 -1.553806639638180011e-05 3.402149429777198946e-06 1.379605293150508572e-06 3.816031017722351963e-06 6.326179393850789103e-07 2.029882248077001030e-06 1.241582613808180426e-06
3.500000000000000000e+00 9.500000000000000000e+00 -2.553981322903771357e-05 -1.422912262467896273e-05 3.615798167450122612e-06 2.318952725542259145e-06 4.121243500112236379e-06 6.326179393850830396e-07 3.411991092726603483e-06 1.376304929597484384e-06
4.500000000000000000e+00 5.000000000000000000e-01 3.380415895025083294e-05 -5.354052795977081393e-06 -1.688762394463235957e-06 2.624165207932149915e-06 -2.772318459021418770e-06 2.179852859901957604e-07 3.861065478690969348e-06 -1.376304929597486713e-06
4.500000000000000000e+00 1.500000000000000000e+00 3.092047395746318314e-05 -6.662996567679911151e-06 -1.475113656790312715e-06 1.684817775540396377e-06 -2.467105976631533083e-06 2.179852859901987250e-07 2.478956634041362660e-06 -1.241582613808181273e-06
4.500000000000000000e+00 2.500000000000000000e+00 2.543537915079671622e-05 -7.776450645166300949e-06 -1.068729608466180751e-06 8.857611228529372488e-07 -1.886557336168478557e-06 2.179852859901931663e-07 1.303264628109669476e-06 -9.853255411645828633e-07
4.500000000000000000e+00 3.500000000000000000e+00 1.788579382683065406e-05 -8.585422385441123948e-06 -5.093899515849649948e-07 3.052124823898885460e-07 -1.087500683481024723e-06 2.179852859901916840e-07 4.490743859643625833e-07 -6.326179393850760516e-07
4.500000000000000000e+00 4.500000000000000000e+00 9.010723998128779494e-06 -9.010723998128769330e-06 1.481532510892709998e-07 -8.311578326506725615e-22 -1.481532510892709998e-07 2.179852859901989367e-07 -1.222924077070567364e-21 -2.179852859901989367e-07
4.500000000000000000e+00 5.500000000000000000e+00 -3.210766642280323164e-07 -9.010723998128767636e-06 8.395350895058668019e-07 -6.233683744880044211e-22 8.395350895058651078e-07 2.179852859901994132e-07 -9.171930578029255699e-22 2.179852859901969780e-07
4.500000000000000000e+00 6.500000000000000000e+00 -9.196146492929911325e-06 -8.585422385441127336e-06 1.497078292180095147e-06 3.052124823898893401e-07 1.778882521897622246e-06 2.179852859901981426e-07 4.490743859643637479e-07 6.326179393850815573e-07
4.500000000000000000e+00 7.500000000000000000e+00 -1.674573181689596163e-05 -7.776450645166295867e-06 2.056417949061311327e-06 8.857611228529368253e-07 2.577939174585077774e-06 2.179852859901958133e-07 1.303264628109668841e-06 9.853255411645896396e-07
4.500000000000000000e+00 8.500000000000000000e+00 -2.223082662356244210e-05 -6.662996567679917928e-06 2.462801997385445197e-06 1.684817775540396377e-06 3.158487815048125312e-06 2.179852859901961839e-07 2.478956634041362660e-06 1.241582613808180850e-06
4.500000000000000000e+00 9.500000000000000000e+00 -2.511451161635007835e-05 -5.354052795977078852e-06 2.676450735058368015e-06 2.624165207932149068e-06 3.463700297438013964e-06 2.179852859901967133e-07 3.861065478690968501e-06 1.376304929597489466e-06
5.500000000000000000e+00 5.000000000000000000e-01 3.380415895025083294e-05 3.977747866379733170e-06 -2.676450735058365051e-06 2.624165207932147374e-06 -3.463700297438017775e-06 -2.179852859901922664e-07 3.861065478690965960e-06 -1.376304929597494125e-06
5.500000000000000000e+00 1.500000000000000000e+00 3.092047395746318992e-05 2.668804094676902565e-06 -2.462801997385446891e-06 1.684817775540393835e-06 -3.158487815048122771e-06 -2.179852859901990426e-07 2.478956634041358849e-06 -1.241582613808177885e-06
5.500000000000000000e+00 2.500000000000000000e+00 2.543537915079671622e-05 1.555350017190517850e-06 -2.056417949061316409e-06 8.857611228529365077e-07 -2.577939174585079468e-06 -2.179852859901993603e-07 1.303264628109668417e-06 -9.853255411645877337e-07
5.500000000000000000e+00 3.500000000000000000e+00 1.788579382683066083e-05 7.463782769156874394e-07 -1.497078292180100652e-06 3.052124823898881225e-07 -1.778882521897621399e-06 -2.179852859902032248e-07 4.490743859643620009e-07 -6.326179393850777456e-07
5.500000000000000000e+00 4.500000000000000000e+00 9.010723998128781188e-06 3.210766642280455513e-07 -8.395350895058680725e-07 6.233683744880044211e-22 -8.395350895058665901e-07 -2.179852859901995985e-07 9.171930578029255699e-22 -2.179852859901974809e-07
5.500000000000000000e+00 5.500000000000000000e+00 -3.210766642280330575e-07 3.210766642280478806e-07 -1.481532510892708675e-07 3.636315517846692456e-22 1.481532510892703381e-07 -2.179852859901984338e-07 5.350292837183732334e-22 2.179852859901982750e-07
5.500000000000000000e+00 6.500000000000000000e+00 -9.196146492929909631e-06 7.463782769156824631e-07 5.093899515849577950e-07 3.052124823898893401e-07 1.087500683481023664e-06 -2.179852859901973221e-07 4.490743859643637479e-07 6.326179393850795456e-07
5.500000000000000000e+00 7.500000000000000000e+00 -1.674573181689597179e-05 1.555350017190518697e-06 1.068729608466175246e-06 8.857611228529372488e-07 1.886557336168481522e-06 -2.179852859901998367e-07 1.303264628109669476e-06 9.853255411645887925e-07
5.500000000000000000e+00 8.500000000000000000e+00 -2.223082662356243194e-05 2.668804094676899177e-06 1.475113656790315256e-06 1.684817775540393835e-06 2.467105976631528001e-06 -2.179852859901934310e-07 2.478956634041358849e-06 1.241582613808175344e-06
5.500000000000000000e+00 9.500000000000000000e+00 -2.511451161635007496e-05 3.977747866379733170e-06 1.688762394463229605e-06 2.624165207932149068e-06 2.772318459021420888e-06 -2.179852859902023249e-07 3.861065478690968501e-06 1.376304929597492219e-06
6.500000000000000000e+00 5.000000000000000000e-01 3.337885733756319095e-05 1.285281769508160773e-05 -3.615798167450124306e-06 2.318952725542258298e-06 -4.121243500112239767e-06 -6.326179393850824043e-07 3.411991092726602636e-06 -1.376304929597486290e-06
6.500000000000000000e+00 1.500000000000000000e+00 3.049517234477553776e-05 1.154387392337877882e-05 -3.402149429777198099e-06 1.379605293150504548e-06 -3.816031017722349421e-06 -6.326179393850797573e-07 2.029882248076995101e-06 -1.241582613808178732e-06
6.500000000000000000e+00 2.500000000000000000e+00 2.501007753810907422e-05 1.043041984589240173e-05 -2.995765381453068888e-06 5.805486404630479616e-07 -3.235482377259308236e-06 -6.326179393850797573e-07 8.541902421453058340e-07 -9.853255411645898513e-07
6.500000000000000000e+00 3.500000000000000000e+00 1.746049221414302223e-05 9.621448105617565178e-06 -2.436425724571849532e-06 6.233683744880044211e-22 -2.436425724571849532e-06 -6.326179393850810279e-07 9.171930578029255699e-22 -6.326179393850810279e-07
6.500000000000000000e+00 4.500000000000000000e+00 8.585422385441142582e-06 9.196146492929924878e-06 -1.778882521897622458e-06 -3.052124823898897636e-07 -1.497078292180097900e-06 -6.326179393850800750e-07 -4.490743859643643832e-07 -2.179852859902003926e-07
6.500000000000000000e+00 5.500000000000000000e+00 -7.463782769156730399e-07 9.196146492929926572e-06 -1.087500683481024723e-06 -3.052124823898895519e-07 -5.093899515849573715e-07 -6.326179393850804985e-07 -4.490743859643640656e-07 2.179852859901981426e-07
6.500000000000000000e+00 6.500000000000000000e+00 -9.621448105617551625e-06 9.621448105617560096e-06 -4.299574808067945784e-07 0.000000000000000000e+00 4.299574808067945784e-07 -6.326179393850773221e-07 0.000000000000000000e+00 6.326179393850773221e-07
6.500000000000000000e+00 7.500000000000000000e+00 -1.717103342958360023e-05 1.043041984589239495e-05 1.293821760744225547e-07 5.805486404630462676e-07 1.229014133494251271e-06 -6.326179393850794397e-07 8.541902421453032929e-07 9.853255411645858279e-07
6.500000000000000000e+00 8.500000000000000000e+00 -2.265612823625007732e-05 1.154387392337877374e-05 5.357662243985602359e-07 1.379605293150504548e-06 1.809562773957301774e-06 -6.326179393850775339e-07 2.029882248076995101e-06 1.241582613808177250e-06
6.500000000000000000e+00 9.500000000000000000e+00 -2.553981322903772034e-05 1.285281769508160943e-05 7.494149620714768078e-07 2.318952725542259992e-06 2.114775256347190849e-06 -6.326179393850824043e-07 3.411991092726604753e-06 1.376304929597489678e-06
7.500000000000000000e+00 5.000000000000000000e-01 3.256988559728835948e-05 2.040240301904766481e-05 -4.414854820137579199e-06 1.738404085079211819e-06 -4.680583156993461242e-06 -9.853255411645862514e-07 2.557800850581299025e-06 -1.376304929597489466e-06
7.500000000000000000e+00 1.500000000000000000e+00 2.968620060450071307e-05 1.909345924734483590e-05 -4.201206082464658921e-06 7.990566526874582807e-07 -4.375370674603580213e-06 -9.853255411645832868e-07 1.175692005931691914e-06 -1.241582613808186144e-06
7.500000000000000000e+00 2.500000000000000000e+00 2.420110579783424275e-05 1.798000516985845203e-05 -3.794822034140523781e-06 -4.155789163253362807e-22 -3.794822034140523781e-06 -9.853255411645875220e-07 -6.114620385352836819e-22 -9.853255411645875220e-07
7.500000000000000000e+00 3.500000000000000000e+00 1.665152047386819415e-05 1.717103342958361379e-05 -3.235482377259306119e-06 -5.805486404630495498e-07 -2.995765381453070159e-06 -9.853255411645875220e-07 -8.541902421453081634e-07 -6.326179393850817690e-07
7.500000000000000000e+00 4.500000000000000000e+00 7.776450645166304337e-06 1.674573181689597179e-05 -2.577939174585077350e-06 -8.857611228529372488e-07 -2.056417949061316833e-06 -9.853255411645860397e-07 -1.303264628109669476e-06 -2.179852859902007367e-07
7.500000000000000000e+00 5.500000000000000000e+00 -1.555350017190503450e-06 1.674573181689597857e-05 -1.886557336168478557e-06 -8.857611228529365077e-07 -1.068729608466170164e-06 -9.853255411645894278e-07 -1.303264628109668417e-06 2.179852859902024837e-07
7.500000000000000000e+00 6.500000000000000000e+00 -1.043041984589238309e-05 1.717103342958361379e-05 -1.229014133494253600e-06 -5.805486404630488087e-07 -1.293821760744274251e-07 -9.853255411645849809e-07 -8.541902421453069987e-07 6.326179393850766868e-07
7.500000000000000000e+00 7.500000000000000000e+00 -1.798000516985843509e-05 1.798000516985844187e-05 -6.696744766130340319e-07 -8.311578326506725615e-22 6.696744766130268321e-07 -9.853255411645832868e-07 -1.222924077070567364e-21 9.853255411645815928e-07
7.500000000000000000e+00 8.500000000000000000e+00 -2.346509997652490879e-05 1.909345924734482574e-05 -2.632904282888973036e-07 7.990566526874574337e-07 1.250223117076080723e-06 -9.853255411645841339e-07 1.175692005931690643e-06 1.241582613808176403e-06
7.500000000000000000e+00 9.500000000000000000e+00 -2.634878496931255520e-05 2.040240301904766481e-05 -4.964169061598126118e-08 1.738404085079210972e-06 1.555435599465968951e-06 -9.853255411645892161e-07 2.557800850581297755e-06 1.376304929597488619e-06
8.500000000000000000e+00 5.000000000000000000e-01 3.145643151980196544e-05 2.588749782571412157e-05 -4.995403460600621655e-06 9.393474323917512087e-07 -5.086967205317587488e-06 -1.241582613808178309e-06 1.382108844649603512e-06 -1.376304929597485866e-06
8.500000000000000000e+00 1.500000000000000000e+00 2.857274652701432242e-05 2.457855405401129266e-05 -4.781754722927698836e-06 0.000000000000000000e+00 -4.781754722927702224e-06 -1.241582613808175344e-06 0.000000000000000000e+00 -1.241582613808180426e-06
8.500000000000000000e+00 2.500000000000000000e+00 2.308765172034786227e-05 2.346509997652491557e-05 -4.375370674603571743e-06 -7.990566526874598689e-07 -4.201206082464655533e-06 -1.241582613808179579e-06 -1.175692005931694243e-06 -9.853255411645864632e-07
8.500000000000000000e+00 3.500000000000000000e+00 1.553806639638180689e-05 2.265612823625007393e-05 -3.816031017722349421e-06 -1.379605293150508148e-06 -3.402149429777194711e-06 -1.241582613808180638e-06 -2.029882248077000606e-06 -6.326179393850768986e-07
8.500000000000000000e+00 4.500000000000000000e+00 6.662996567679927245e-06 2.223082662356244549e-05 -3.158487815048126159e-06 -1.684817775540395530e-06 -2.462801997385448585e-06 -1.241582613808179579e-06 -2.478956634041361390e-06 -2.179852859901987250e-07
8.500000000000000000e+00 5.500000000000000000e+00 -2.668804094676889013e-06 2.223082662356244210e-05 -2.467105976631527577e-06 -1.684817775540396800e-06 -1.475113656790313986e-06 -1.241582613808175768e-06 -2.478956634041363507e-06 2.179852859901942781e-07
8.500000000000000000e+00 6.500000000000000000e+00 -1.154387392337876696e-05 2.265612823625007393e-05 -1.809562773957301985e-06 -1.379605293150506242e-06 -5.357662243985604477e-07 -1.241582613808177462e-06 -2.029882248076997642e-06 6.326179393850774280e-07
8.500000000000000000e+00 7.500000000000000000e+00 -1.909345924734482235e-05 2.346509997652491557e-05 -1.250223117076080088e-06 -7.990566526874598689e-07 2.632904282888978330e-07 -1.241582613808176191e-06 -1.175692005931694243e-06 9.853255411645843456e-07
8.500000000000000000e+00 8.500000000000000000e+00 -2.457855405401128588e-05 2.457855405401129266e-05 -8.438390687519477004e-07 -1.662315665301345123e-21 8.438390687519455828e-07 -1.241582613808177250e-06 -2.445848154141134728e-21 1.241582613808176826e-06
8.500000000000000000e+00 9.500000000000000000e+00 -2.746223904679894585e-05 2.588749782571412835e-05 -6.301903310790225524e-07 9.393474323917536440e-07 1.149051551141842917e-06 -1.241582613808179791e-06 1.382108844649606900e-06 1.376304929597491160e-06
9.500000000000000000e+00 5.000000000000000000e-01 3.014748774809914331e-05 2.877118281850177815e-05 -5.300615942990518777e-06 0.000000000000000000e+00 -5.300615942990513695e-06 -1.376304929597491795e-06 0.000000000000000000e+00 -1.376304929597484596e-06
9.500000000000000000e+00 1.500000000000000000e+00 2.726380275531150029e-05 2.746223904679894585e-05 -5.086967205317590029e-06 -9.393474323917536440e-07 -4.995403460600630972e-06 -1.376304929597482478e-06 -1.382108844649606900e-06 -1.241582613808184661e-06
9.500000000000000000e+00 2.500000000000000000e+00 2.177870794864503336e-05 2.634878496931256537e-05 -4.680583156993457006e-06 -1.738404085079210972e-06 -4.414854820137583434e-06 -1.376304929597483325e-06 -2.557800850581297755e-06 -9.853255411645923924e-07
9.500000000000000000e+00 3.500000000000000000e+00 1.422912262467897798e-05 2.553981322903773051e-05 -4.121243500112241461e-06 -2.318952725542259145e-06 -3.615798167450131082e-06 -1.376304929597483748e-06 -3.411991092726603483e-06 -6.326179393850870630e-07
9.500000000000000000e+00 4.500000000000000000e+00 5.354052795977097487e-06 2.511451161635007835e-05 -3.463700297438013964e-06 -2.624165207932149915e-06 -2.676450735058362086e-06 -1.376304929597492642e-06 -3.861065478690969348e-06 -2.179852859901919487e-07
9.500000000000000000e+00 5.500000000000000000e+00 -3.977747866379719618e-06 2.511451161635008513e-05 -2.772318459021423853e-06 -2.624165207932148221e-06 -1.688762394463235957e-06 -1.376304929597491160e-06 -3.861065478690966807e-06 2.179852859901988309e-07
9.500000000000000000e+00 6.500000000000000000e+00 -1.285281769508159757e-05 2.553981322903772712e-05 -2.114775256347192967e-06 -2.318952725542259992e-06 -7.494149620714825252e-07 -1.376304929597488195e-06 -3.411991092726604753e-06 6.326179393850788044e-07
9.500000000000000000e+00 7.500000000000000000e+00 -2.040240301904765126e-05 2.634878496931256198e-05 -1.555435599465970857e-06 -1.738404085079211819e-06 4.964169061597924948e-08 -1.376304929597489254e-06 -2.557800850581299025e-06 9.853255411645885808e-07
9.500000000000000000e+00 8.500000000000000000e+00 -2.588749782571412157e-05 2.746223904679894585e-05 -1.149051551141838893e-06 -9.393474323917536440e-07 6.301903310790265758e-07 -1.376304929597490101e-06 -1.382108844649606900e-06 1.241582613808180850e-06
9.500000000000000000e+00 9.500000000000000000e+00 -2.877118281850177476e-05 2.877118281850177476e-05 -9.354028134689148042e-07 0.000000000000000000e+00 9.354028134689230628e-07 -1.376304929597493066e-06 0.000000000000000000e+00 1.376304929597495183e-06
